2024/6/30 - POST /api/v1/users/signup ::1 400 29ms
2024/6/30 - POST /api/v1/users/signup ::1 200 755ms
2024/6/30 - POST /api/v1/products/addProduct ::1 500 11ms
2024/6/30 - POST /api/v1/products/addProduct ::1 500 15ms
2024/6/30 - POST /api/v1/products/addProduct ::1 500 8ms
2024/6/30 - POST /api/v1/users/login ::1 200 1154ms
2024/6/30 - POST /api/v1/users/login ::1 400 13ms
2024/6/30 - POST /api/v1/users/login ::1 400 27ms
2024/6/30 - POST /api/v1/users/signup ::1 200 921ms
2024/6/30 - GET /api/v1/users/profile ::1 200 13ms
2024/6/30 - GET /api/products ::1 404 6ms
2024/6/30 - POST /api/products ::1 404 2ms
2024/6/30 - POST /api/products ::1 404 10ms
2024/6/30 - POST /api/v1/products ::1 403 34ms
2024/6/30 - POST /api/v1/users/signup ::1 400 22ms
2024/6/30 - POST /api/v1/users/signup ::1 200 450ms
2024/6/30 - POST /api/v1/products ::1 500 10ms
2024/6/30 - POST /api/v1/products ::1 200 43ms
2024/6/30 - DELETE /api/v1/products/delete/66819243333039015ed90ce8 ::1 404 30ms
2024/6/30 - POST /api/v1/users/login ::1 200 449ms
2024/6/30 - POST /api/v1/users/login ::1 200 411ms
2024/6/30 - DELETE /api/v1/products/delete/66819243333039015ed90ce8 ::1 404 7ms
2024/6/30 - DELETE /api/v1/products/ ::1 404 1ms
2024/6/30 - POST /api/v1/products/ ::1 200 20ms
2024/6/30 - DELETE /api/v1/products/delete/6681946e1622651bf2c4d864 ::1 404 9ms
2024/6/30 - DELETE /api/v1/products/ ::1 404 1ms
2024/6/30 - POST /api/v1/products/ ::1 200 17ms
2024/6/30 - DELETE /api/v1/products/delete/66819219b1ca2e98b3906e6a ::1 404 11ms
2024/6/30 - DELETE /api/v1/products/delete/66819219b1ca2e98b3906e6a ::1 500 28ms
2024/6/30 - DELETE /api/v1/products/delete/66819219b1ca2e98b3906e6a ::1 500 26ms
2024/6/30 - DELETE /api/v1/products/delete/66819219b1ca2e98b3906e6a ::1 404 27ms
2024/6/30 - DELETE /api/v1/products/ ::1 404 2ms
2024/6/30 - POST /api/v1/products/ ::1 200 25ms
2024/6/30 - DELETE /api/v1/products/delete/668195294f507e2ec9d67abb ::1 200 25ms
2024/6/30 - DELETE /api/v1/products/delete/668194a71622651bf2c4d869 ::1 200 8ms
2024/6/30 - POST /api/v1/products ::1 200 46ms
2024/6/30 - PUT /api/v1/products/update/668199201a7ccb66285d3bb7 ::1 200 53ms
2024/7/1 - POST /api/v1/users/login ::1 200 958ms
2024/7/1 - POST /api/v1/products ::1 500 42ms
2024/7/1 - POST /api/v1/product ::1 404 1ms
2024/7/1 - POST /api/v1/products ::1 500 17ms
2024/7/1 - GET /api/v1/products ::1 500 4ms
2024/7/1 - GET /api/v1/products ::1 500 20ms
2024/7/1 - GET /api/v1/users/profile ::1 200 20ms
2024/7/1 - GET /api/v1/products ::1 500 1ms
2024/7/1 - GET /api/v1/products ::1 500 1ms
2024/7/1 - POST /api/v1/products ::1 200 20ms
2024/7/1 - GET /api/v1/products ::1 500 1ms
2024/7/1 - GET /api/v1/products ::1 500 15ms
2024/7/1 - GET /api/v1/products ::1 500 9ms
2024/7/1 - GET /api/v1/products ::1 200 26ms
2024/7/1 - PUT /api/v1/products/addreview/66823c90c8c04f4746d334e3 ::1 500 67ms
2024/7/1 - POST /api/v1/users/login ::1 200 998ms
2024/7/1 - POST /api/v1/users/logout ::1 200 7ms
2024/7/1 - GET /api/v1/products ::1 200 23ms
2024/7/1 - POST /api/v1/products ::1 401 2ms
2024/7/1 - POST /api/v1/users/login ::1 200 517ms
2024/7/1 - GET /api/v1/products ::1 200 4ms
2024/7/1 - PUT /api/v1/products/addreview/ ::1 404 4ms
2024/7/1 - POST /api/v1/products ::1 403 10ms
2024/7/1 - POST /api/v1/users/signup ::1 200 476ms
2024/7/1 - POST /api/v1/users/login ::1 200 500ms
2024/7/1 - GET /api/v1/products ::1 200 7ms
2024/7/1 - POST /api/v1/products ::1 200 16ms
2024/7/1 - DELETE /api/v1/products/delete/668243e0548ac480b20ad480 ::1 200 13ms
2024/7/1 - POST /api/v1/products ::1 200 10ms
2024/7/1 - PUT /api/v1/products/update/ ::1 404 1ms
2024/7/1 - PUT /api/v1/products/update/66824419548ac480b20ad486 ::1 200 48ms
2024/7/1 - GET /api/v1/products ::1 200 27ms
2024/7/1 - GET /api/v1/products/topten ::1 200 60ms
2024/7/1 - GET /api/v1/products/topten ::1 200 49ms
2024/7/1 - PUT /api/v1/products/addreview/66824419548ac480b20ad486 ::1 500 40ms
2024/7/1 - PUT /api/v1/products/addreview/66824419548ac480b20ad486 ::1 200 67ms
2024/7/1 - PUT /api/v1/products/addreview/66824419548ac480b20ad486 ::1 200 21ms
2024/7/1 - PUT /api/v1/products/addreview/66824419548ac480b20ad486 ::1 400 35ms
2024/7/2 - POST /api/v1/users/login ::1 200 1376ms
2024/7/2 - POST /api/v1/users/login ::1 200 927ms
2024/7/2 - POST /api/v1/users/login ::1 200 768ms
2024/7/2 - GET /api/v1/products ::1 200 17ms
2024/7/2 - PUT /api/v1/products/addreview/66819243333039015ed90ce8 ::1 200 53ms
2024/7/2 - PUT /api/v1/products/addreview/66819243333039015ed90ce8 ::1 400 9ms
2024/7/2 - GET /api/v1/users ::1 403 6ms
2024/7/2 - POST /api/v1/users/signup ::1 200 647ms
2024/7/2 - POST /api/v1/users/login ::1 200 629ms
2024/7/2 - GET /api/v1/users ::1 200 17ms
2024/7/2 - PUT /api/v1/products/addreview/66819243333039015ed90ce8 ::1 200 21ms
2024/7/2 - POST /api/v1/users/login ::1 400 451ms
2024/7/16 - POST /api/v1/users/login ::1 400 57ms
2024/7/16 - POST /api/v1/users/signup ::1 500 26ms
2024/7/16 - POST /api/v1/users/signup ::1 200 1108ms
2024/7/16 - POST /api/v1/users/signup ::1 400 18ms
2024/7/16 - POST /api/v1/users/login ::1 200 864ms
2024/7/19 - GET /api/v1/product ::1 404 17ms
2024/7/19 - GET /favicon.ico ::1 404 2ms
2024/7/19 - GET /api/product ::1 404 2ms
2024/7/19 - GET /api/products ::1 404 0ms
2024/7/19 - GET /api/v1/products ::1 200 27ms
2024/7/19 - GET /api/v1/products ::1 304 30ms
2024/7/19 - GET /api/v1/products ::1 304 33ms
2024/7/19 - GET /api/v1/products ::1 304 12ms
2024/7/19 - GET /api/v1/products ::1 304 43ms
2024/7/19 - GET /api/v1/products ::1 200 47ms
2024/7/19 - GET /api/v1/products ::1 304 11ms
2024/7/19 - GET /api/v1/products ::1 304 11ms
2024/7/19 - GET /api/v1/products ::1 304 8ms
2024/7/19 - GET /api/v1/products ::1 200 45ms
2024/7/19 - GET /api/v1/products/6699c8d0959206a49b498bac ::1 404 13ms
2024/7/19 - GET /api/v1/products/6699c8d0959206a49b498ba7 ::1 404 1ms
2024/7/19 - GET /api/v1/products/6699c8d0959206a49b498ba7 ::1 404 2ms
2024/7/19 - GET /api/v1/products/6699c8d0959206a49b498ba7 ::1 404 1ms
2024/7/19 - GET /api/v1/products/6699c8d0959206a49b498ba7 ::1 200 66ms
2024/7/19 - GET /api/v1/products/6699c8d0959206a49b498ba7 ::1 304 10ms
2024/7/19 - GET /api/v1/products/6699c8d0959206a49b498ba7 ::1 304 7ms
2024/7/19 - GET /api/v1/products/6699c8d0959206a49b498ba7 ::1 304 6ms
2024/7/19 - GET /api/v1/products/6699c8d0959206a49b498ba7 ::1 304 3ms
2024/7/19 - GET /api/v1/products/6699c8d0959206a49b498ba7 ::1 304 8ms
2024/7/19 - GET /api/v1/products/6699c8d0959206a49b498ba7 ::1 304 5ms
2024/7/19 - GET /api/v1/products/6699c8d0959206a49b498ba7 ::1 304 4ms
2024/7/19 - GET /api/v1/products/6699c8d0959206a49b498ba8 ::1 200 5ms
2024/7/19 - GET /api/v1/products/6699c8d0959206a49b498ba8 ::1 304 6ms
2024/7/19 - GET /api/v1/products ::1 304 13ms
2024/7/19 - GET /api/v1/products/6699c8d0959206a49b498ba8 ::1 304 5ms
2024/7/19 - GET /api/v1/products ::1 304 8ms
2024/7/19 - GET /api/v1/products/6699c8d0959206a49b498ba8 ::1 304 5ms
2024/7/19 - GET /api/v1/products ::1 304 4ms
2024/7/19 - GET /api/v1/products/6699c8d0959206a49b498ba8 ::1 304 7ms
2024/7/19 - GET /api/v1/products ::1 304 10ms
2024/7/19 - GET /api/v1/products ::1 304 9ms
2024/7/19 - GET /api/v1/products ::1 304 6ms
2024/7/19 - GET /api/v1/products/6699c8d0959206a49b498ba8 ::1 304 7ms
2024/7/19 - GET /api/v1/products ::1 304 5ms
2024/7/19 - GET /api/v1/products/6699c8d0959206a49b498ba8 ::1 304 4ms
2024/7/19 - GET /api/v1/products ::1 304 8ms
2024/7/19 - GET /api/v1/products ::1 304 5ms
2024/7/19 - GET /api/v1/products ::1 304 6ms
2024/7/19 - GET /api/v1/products ::1 304 7ms
2024/7/19 - GET /api/v1/products ::1 304 6ms
2024/7/19 - GET /api/v1/products ::1 304 7ms
2024/7/19 - GET /api/v1/products ::1 304 8ms
2024/7/19 - GET /api/v1/products ::1 304 7ms
2024/7/19 - GET /api/v1/products ::1 304 6ms
2024/7/19 - GET /api/v1/products ::1 304 5ms
2024/7/19 - GET /api/v1/products ::1 304 5ms
2024/7/19 - GET /api/v1/products ::1 304 5ms
2024/7/19 - GET /api/v1/products ::1 304 5ms
2024/7/19 - GET /api/v1/products ::1 304 6ms
2024/7/19 - GET /api/v1/products ::1 304 8ms
2024/7/19 - GET /api/v1/products ::1 304 4ms
2024/7/19 - GET /api/v1/products ::1 304 4ms
2024/7/19 - GET /api/v1/products/6699c8d0959206a49b498ba8 ::1 304 7ms
2024/7/19 - GET /api/v1/products/6699c8d0959206a49b498ba8 ::1 304 5ms
2024/7/19 - GET /api/v1/products ::1 304 29ms
2024/7/19 - GET /api/v1/products/6699c8d0959206a49b498ba8 ::1 304 11ms
2024/7/19 - GET /api/v1/products ::1 304 12ms
2024/7/19 - GET / ::1 404 17ms
2024/7/19 - GET /products ::1 404 2ms
2024/7/19 - GET /api/v1/products ::1 304 27ms
2024/7/19 - GET /api/v1/products ::1 304 50ms
2024/7/19 - GET /api/v1/products ::1 304 7ms
2024/7/19 - GET /api/v1/products ::1 304 43ms
2024/7/21 - GET /api/v1/products ::1 200 59ms
2024/7/21 - GET /favicon.ico ::1 404 2ms
2024/7/21 - GET /api/v1/products ::1 200 115ms
2024/7/21 - GET /api/v1/products ::1 200 56ms
2024/7/21 - GET /api/v1/products ::1 200 21ms
2024/7/21 - GET /api/v1/products ::1 304 12ms
2024/7/21 - GET /api/v1/products ::1 304 8ms
2024/7/21 - GET /api/v1/products ::1 304 12ms
2024/7/21 - GET /api/v1/products ::1 304 17ms
2024/7/21 - GET /api/v1/products ::1 304 9ms
2024/7/21 - GET /api/v1/products ::1 304 8ms
2024/7/21 - GET /api/v1/products ::1 304 10ms
2024/7/21 - GET /api/v1/products ::1 304 7ms
2024/7/21 - GET /api/v1/products ::1 304 7ms
2024/7/21 - GET /api/v1/products ::1 304 9ms
2024/7/21 - GET /api/v1/products ::1 304 5ms
2024/7/21 - GET /api/v1/products ::1 304 13ms
2024/7/21 - GET /api/v1/products ::1 304 7ms
2024/7/21 - GET /api/v1/products ::1 304 7ms
2024/7/21 - GET /api/v1/products ::1 304 7ms
2024/7/21 - GET /api/v1/products ::1 304 8ms
2024/7/21 - GET /api/v1/products ::1 304 12ms
2024/7/21 - GET /api/v1/products ::1 304 6ms
2024/7/21 - GET /api/v1/products ::1 304 9ms
2024/7/21 - GET /api/v1/products ::1 304 7ms
2024/7/21 - GET /api/v1/products ::1 304 5ms
2024/7/21 - GET /api/v1/products ::1 304 18ms
2024/7/21 - GET /api/v1/products ::1 304 8ms
2024/7/21 - GET /api/v1/products ::1 304 11ms
2024/7/21 - GET /api/v1/products ::1 304 4ms
2024/7/21 - GET /api/v1/products ::1 200 8ms
2024/7/21 - GET /api/v1/products/669c872fbd24e8cca4508135 ::1 200 10ms
2024/7/21 - GET /api/v1/products/669c872fbd24e8cca450813 ::1 500 6ms
2024/7/21 - GET /api/v1/products/669c872fbd24e8cca450813 ::1 500 4ms
2024/7/21 - GET /api/v1/products/669c872fbd24e8cca4508135 ::1 304 9ms
2024/7/21 - GET /api/v1/products/669c872fbd24e8cca4508135 ::1 304 5ms
2024/7/21 - GET /api/v1/products/669c872fbd24e8cca4508135 ::1 304 5ms
2024/7/21 - GET /api/v1/products/669c872fbd24e8cca4508135 ::1 304 5ms
2024/7/21 - GET /api/v1/products/669c872fbd24e8cca4508135 ::1 304 5ms
2024/7/21 - GET /api/v1/products/669c872fbd24e8cca4508135 ::1 304 5ms
2024/7/21 - GET /api/v1/products/669c872fbd24e8cca4508135 ::1 304 3ms
2024/7/21 - GET /api/v1/products ::1 304 5ms
2024/7/21 - GET /api/v1/products/669c872fbd24e8cca4508135 ::1 304 7ms
2024/7/21 - GET /api/v1/products/669c872fbd24e8cca4508135 ::1 304 5ms
2024/7/21 - GET /api/v1/products ::1 304 5ms
2024/7/21 - GET /api/v1/products/669c872fbd24e8cca4508135 ::1 304 4ms
2024/7/21 - GET /api/v1/products ::1 304 5ms
2024/7/21 - GET /api/v1/products/669c872fbd24e8cca4508135 ::1 304 10ms
2024/7/21 - GET /api/v1/products/669c872fbd24e8cca4508132 ::1 200 10ms
2024/7/21 - GET /api/v1/products ::1 304 9ms
2024/7/21 - GET /api/v1/products/669c872fbd24e8cca4508132 ::1 304 5ms
2024/7/21 - GET /api/v1/products ::1 304 4ms
2024/7/21 - GET /api/v1/products/669c872fbd24e8cca4508133 ::1 200 7ms
2024/7/21 - GET /api/v1/products ::1 304 8ms
2024/7/21 - GET /api/v1/products/669c872fbd24e8cca4508133 ::1 304 6ms
2024/7/21 - GET /api/v1/products ::1 304 6ms
2024/7/21 - GET /api/v1/products/669c872fbd24e8cca4508131 ::1 200 4ms
2024/7/21 - GET /api/v1/products ::1 304 6ms
2024/7/21 - GET /api/v1/products/669c872fbd24e8cca4508132 ::1 304 5ms
2024/7/21 - GET /api/v1/products ::1 304 6ms
2024/7/21 - GET /api/v1/products/669c872fbd24e8cca4508131 ::1 200 4ms
2024/7/21 - GET /api/v1/products ::1 304 8ms
2024/7/21 - GET /api/v1/products/669c872fbd24e8cca4508132 ::1 304 4ms
2024/7/21 - GET /api/v1/products ::1 304 8ms
2024/7/21 - GET /api/v1/products ::1 304 4ms
2024/7/21 - GET /api/v1/products ::1 304 5ms
2024/7/21 - GET /api/v1/products/669c872fbd24e8cca4508132 ::1 304 5ms
2024/7/21 - GET /api/v1/products ::1 304 7ms
2024/7/21 - GET /api/v1/products/669c872fbd24e8cca4508135 ::1 304 4ms
2024/7/21 - GET /api/v1/products ::1 304 5ms
2024/7/21 - GET /api/v1/products ::1 304 55ms
2024/7/21 - GET /api/v1/products/669c872fbd24e8cca4508132 ::1 200 15ms
2024/7/21 - GET /api/v1/products ::1 304 13ms
2024/7/21 - GET /api/v1/products ::1 304 5ms
2024/7/21 - GET /api/v1/products/669c872fbd24e8cca4508135 ::1 304 11ms
2024/7/21 - GET /api/v1/products ::1 304 12ms
2024/7/22 - GET / ::1 404 18ms
2024/7/22 - GET /favicon.ico ::1 404 2ms
2024/7/22 - GET /api/v1/product ::1 404 8ms
2024/7/22 - GET /api/v1/product ::1 404 1ms
2024/7/22 - GET /api/v1/product ::1 404 3ms
2024/7/22 - GET /api/v1/product ::1 404 1ms
2024/7/22 - GET /api/v1/product ::1 404 18ms
2024/7/22 - GET /api/v1/product ::1 404 3ms
2024/7/22 - GET /api/v1/products ::1 200 33ms
2024/7/22 - GET /api/v1/products ::1 200 16ms
2024/7/22 - GET /api/v1/products ::1 304 10ms
2024/7/22 - GET /api/v1/products ::1 304 12ms
2024/7/22 - GET /api/v1/products ::1 304 6ms
2024/7/22 - GET /api/v1/products/:id ::1 500 8ms
2024/7/22 - GET /api/v1/products/:id ::1 500 3ms
2024/7/22 - GET /api/v1/products ::1 304 8ms
2024/7/22 - GET /api/v1/products ::1 304 10ms
2024/7/22 - GET /api/v1/products ::1 304 7ms
2024/7/22 - GET /api/v1/products ::1 304 13ms
2024/7/22 - GET /api/v1/products ::1 304 10ms
2024/7/22 - GET /api/v1/products ::1 304 9ms
2024/7/22 - GET /api/v1/products/669dd137ea325178d6cc4a1a ::1 200 10ms
2024/7/22 - GET /api/v1/products ::1 304 11ms
2024/7/22 - GET /api/v1/products/669dd137ea325178d6cc4a1a ::1 304 10ms
2024/7/22 - GET /api/v1/products ::1 304 12ms
2024/7/22 - GET /api/v1/products/669dd137ea325178d6cc4a1d ::1 200 7ms
2024/7/22 - GET /api/v1/products ::1 304 49ms
2024/7/22 - GET /api/v1/products ::1 304 13ms
2024/7/22 - GET /api/v1/products/669dd137ea325178d6cc4a1a ::1 304 10ms
2024/7/22 - GET /api/v1/products ::1 304 12ms
2024/7/22 - GET /api/v1/products ::1 304 8ms
2024/7/22 - GET /api/v1/products/669dd137ea325178d6cc4a19 ::1 200 12ms
2024/7/22 - GET /api/v1/products ::1 304 8ms
2024/7/22 - GET /api/v1/products/669dd137ea325178d6cc4a1a ::1 304 6ms
2024/7/22 - GET /api/v1/products ::1 304 13ms
2024/7/22 - GET /api/v1/products ::1 304 11ms
2024/7/22 - GET /api/v1/products/669dd137ea325178d6cc4a19 ::1 304 7ms
2024/7/22 - GET /api/v1/products/669dd137ea325178d6cc4a19 ::1 304 7ms
2024/7/22 - GET /api/v1/products/669dd137ea325178d6cc4a19 ::1 304 7ms
2024/7/22 - GET /api/v1/products/669dd137ea325178d6cc4a19 ::1 304 8ms
2024/7/22 - GET /api/v1/products/669dd137ea325178d6cc4a19 ::1 304 8ms
2024/7/22 - GET /api/v1/products/669dd137ea325178d6cc4a19 ::1 304 4ms
2024/7/22 - GET /api/v1/products/669dd137ea325178d6cc4a19 ::1 304 5ms
2024/7/22 - GET /api/v1/products/669dd137ea325178d6cc4a19 ::1 304 6ms
2024/7/22 - GET /api/v1/products/669dd137ea325178d6cc4a19 ::1 304 4ms
2024/7/22 - GET /api/v1/products/669dd137ea325178d6cc4a19 ::1 304 3ms
2024/7/22 - GET /api/v1/products/669dd137ea325178d6cc4a19 ::1 304 4ms
2024/7/22 - GET /api/v1/products/669dd137ea325178d6cc4a19 ::1 304 5ms
2024/7/22 - GET /api/v1/products/669dd137ea325178d6cc4a19 ::1 304 6ms
2024/7/22 - GET /api/v1/products/669dd137ea325178d6cc4a19 ::1 304 5ms
2024/7/22 - GET /api/v1/products/669dd137ea325178d6cc4a19 ::1 304 5ms
2024/7/22 - GET /api/v1/products/669dd137ea325178d6cc4a19 ::1 304 4ms
2024/7/22 - GET /api/v1/products/669dd137ea325178d6cc4a19 ::1 304 3ms
2024/7/22 - GET /api/v1/products/669dd137ea325178d6cc4a19 ::1 304 4ms
2024/7/22 - GET /api/v1/products/669dd137ea325178d6cc4a19 ::1 304 4ms
2024/7/22 - GET /api/v1/products/669dd137ea325178d6cc4a19 ::1 304 3ms
2024/7/22 - GET /api/v1/products/669dd137ea325178d6cc4a19 ::1 304 7ms
2024/7/22 - GET /api/v1/products/669dd137ea325178d6cc4a19 ::1 304 3ms
2024/7/22 - GET /api/v1/products/669dd137ea325178d6cc4a19 ::1 304 5ms
2024/7/22 - GET /api/v1/products/669dd137ea325178d6cc4a19 ::1 304 5ms
2024/7/22 - GET /api/v1/products/669dd137ea325178d6cc4a19 ::1 304 3ms
2024/7/22 - GET /api/v1/products/669dd137ea325178d6cc4a19 ::1 304 4ms
2024/7/22 - GET /api/v1/products/669dd137ea325178d6cc4a19 ::1 304 5ms
2024/7/22 - GET /api/v1/products/669dd137ea325178d6cc4a19 ::1 304 7ms
2024/7/22 - GET /api/v1/products/669dd137ea325178d6cc4a19 ::1 304 3ms
2024/7/22 - GET /api/v1/products/669dd137ea325178d6cc4a19 ::1 304 4ms
2024/7/22 - GET /api/v1/products/669dd137ea325178d6cc4a19 ::1 304 4ms
2024/7/22 - GET /api/v1/products/669dd137ea325178d6cc4a19 ::1 304 3ms
2024/7/22 - GET /api/v1/products/669dd137ea325178d6cc4a19 ::1 304 4ms
2024/7/22 - GET /api/v1/products/669dd137ea325178d6cc4a19 ::1 304 3ms
2024/7/22 - GET /api/v1/products/669dd137ea325178d6cc4a19 ::1 304 6ms
2024/7/22 - GET /api/v1/products/669dd137ea325178d6cc4a19 ::1 304 4ms
2024/7/22 - GET /api/v1/products/669dd137ea325178d6cc4a19 ::1 304 4ms
2024/7/22 - GET /api/v1/products/669dd137ea325178d6cc4a19 ::1 304 3ms
2024/7/22 - GET /api/v1/products/669dd137ea325178d6cc4a19 ::1 304 2ms
2024/7/22 - GET /api/v1/products/669dd137ea325178d6cc4a19 ::1 304 4ms
2024/7/22 - GET /api/v1/products/669dd137ea325178d6cc4a19 ::1 304 3ms
2024/7/22 - GET /api/v1/products/669dd137ea325178d6cc4a19 ::1 304 3ms
2024/7/22 - GET /api/v1/products/669dd137ea325178d6cc4a19 ::1 304 3ms
2024/7/22 - GET /api/v1/products/669dd137ea325178d6cc4a19 ::1 304 9ms
2024/7/22 - GET /api/v1/products/669dd137ea325178d6cc4a19 ::1 304 3ms
2024/7/22 - GET /api/v1/products/669dd137ea325178d6cc4a19 ::1 304 6ms
2024/7/22 - GET /api/v1/products/669dd137ea325178d6cc4a19 ::1 304 4ms
2024/7/22 - GET /api/v1/products/669dd137ea325178d6cc4a19 ::1 304 4ms
2024/7/22 - GET /api/v1/products/669dd137ea325178d6cc4a19 ::1 304 3ms
2024/7/22 - GET /api/v1/products/669dd137ea325178d6cc4a19 ::1 304 3ms
2024/7/22 - GET /api/v1/products/669dd137ea325178d6cc4a19 ::1 304 5ms
2024/7/22 - GET /api/v1/products/669dd137ea325178d6cc4a19 ::1 304 6ms
2024/7/22 - GET /api/v1/products/669dd137ea325178d6cc4a19 ::1 304 5ms
2024/7/22 - GET /api/v1/products/669dd137ea325178d6cc4a19 ::1 304 3ms
2024/7/22 - GET /api/v1/products/669dd137ea325178d6cc4a19 ::1 304 8ms
2024/7/22 - GET /api/v1/products/669dd137ea325178d6cc4a19 ::1 304 2ms
2024/7/22 - GET /api/v1/products/669dd137ea325178d6cc4a19 ::1 304 2ms
2024/7/22 - GET /api/v1/products/669dd137ea325178d6cc4a19 ::1 304 3ms
2024/7/22 - GET /api/v1/products/669dd137ea325178d6cc4a19 ::1 304 4ms
2024/7/22 - GET /api/v1/products/669dd137ea325178d6cc4a19 ::1 304 3ms
2024/7/22 - GET /api/v1/products ::1 304 10ms
2024/7/22 - GET /api/v1/products ::1 304 8ms
2024/7/22 - GET /api/v1/products/669dd137ea325178d6cc4a19 ::1 304 4ms
2024/7/22 - GET /api/v1/products ::1 304 12ms
2024/7/22 - GET /api/v1/products/669dd137ea325178d6cc4a19 ::1 304 5ms
2024/7/22 - GET /api/v1/products ::1 304 7ms
2024/7/22 - GET /api/v1/products/669dd137ea325178d6cc4a1b ::1 200 6ms
2024/7/22 - GET /api/v1/products ::1 304 6ms
2024/7/22 - GET /api/v1/products/669dd137ea325178d6cc4a1b ::1 304 4ms
2024/7/22 - GET /api/v1/products ::1 304 7ms
2024/7/22 - GET /api/v1/products/669dd137ea325178d6cc4a1a ::1 304 3ms
2024/7/22 - GET /api/v1/products ::1 304 9ms
2024/7/22 - GET /api/v1/products/669dd137ea325178d6cc4a1e ::1 200 4ms
2024/7/22 - GET /api/v1/products ::1 304 11ms
2024/7/22 - GET /api/v1/products/669dd137ea325178d6cc4a1a ::1 304 6ms
2024/7/22 - GET /api/v1/products ::1 304 6ms
2024/7/22 - GET /api/v1/products/669dd137ea325178d6cc4a19 ::1 304 8ms
2024/7/22 - GET /api/v1/products ::1 304 8ms
2024/7/22 - GET /api/v1/products/669dd137ea325178d6cc4a1c ::1 200 4ms
2024/7/22 - GET /api/v1/products/669dd137ea325178d6cc4a1c ::1 304 3ms
2024/7/22 - GET /api/v1/products/669dd137ea325178d6cc4a1c ::1 304 2ms
2024/7/22 - GET /api/v1/products/669dd137ea325178d6cc4a1c ::1 304 3ms
2024/7/22 - GET /api/v1/products/669dd137ea325178d6cc4a1c ::1 304 6ms
2024/7/22 - GET /api/v1/products/669dd137ea325178d6cc4a1c ::1 304 3ms
2024/7/22 - GET /api/v1/products/669dd137ea325178d6cc4a1c ::1 304 3ms
2024/7/22 - GET /api/v1/products/669dd137ea325178d6cc4a1c ::1 304 2ms
2024/7/22 - GET /api/v1/products/669dd137ea325178d6cc4a1c ::1 304 3ms
2024/7/22 - GET /api/v1/products/669dd137ea325178d6cc4a1c ::1 304 3ms
2024/7/22 - GET /api/v1/products/669dd137ea325178d6cc4a1c ::1 304 3ms
2024/7/22 - GET /api/v1/products/669dd137ea325178d6cc4a1c ::1 304 3ms
2024/7/22 - GET /api/v1/products/669dd137ea325178d6cc4a1c ::1 304 5ms
2024/7/22 - GET /api/v1/products/669dd137ea325178d6cc4a1c ::1 304 4ms
2024/7/22 - GET /api/v1/products/669dd137ea325178d6cc4a1c ::1 304 8ms
2024/7/22 - GET /api/v1/products/669dd137ea325178d6cc4a1c ::1 304 5ms
2024/7/22 - GET /api/v1/products/669dd137ea325178d6cc4a1c ::1 304 10ms
2024/7/22 - GET /api/v1/products/669dd137ea325178d6cc4a1c ::1 304 3ms
2024/7/22 - GET /api/v1/products/669dd137ea325178d6cc4a1c ::1 304 6ms
2024/7/22 - GET /api/v1/products ::1 304 11ms
2024/7/22 - GET /api/v1/products/669dd137ea325178d6cc4a1e ::1 304 7ms
2024/7/22 - GET /api/v1/products/669dd137ea325178d6cc4a1e ::1 304 7ms
2024/7/22 - GET /api/v1/products/669dd137ea325178d6cc4a1e ::1 304 5ms
2024/7/22 - GET /api/v1/products ::1 304 7ms
2024/7/22 - GET /api/v1/products/669dd137ea325178d6cc4a1a ::1 304 8ms
2024/7/22 - GET /api/v1/products ::1 304 8ms
2024/7/22 - GET /api/v1/products/669dd137ea325178d6cc4a1b ::1 304 5ms
2024/7/22 - GET /api/v1/products ::1 304 12ms
2024/7/22 - GET /api/v1/products/669dd137ea325178d6cc4a1a ::1 304 4ms
2024/7/22 - GET /api/v1/products ::1 304 8ms
2024/7/22 - GET /api/v1/products/669dd137ea325178d6cc4a1e ::1 304 9ms
2024/7/22 - GET /api/v1/products ::1 304 9ms
2024/7/22 - GET /api/v1/products ::1 200 129ms
2024/7/22 - GET /api/v1/products/669dd137ea325178d6cc4a1e ::1 200 11ms
2024/7/22 - GET /api/v1/products ::1 304 24ms
2024/7/22 - GET /api/v1/products/669dd137ea325178d6cc4a1b ::1 200 5ms
2024/7/22 - GET /api/v1/products ::1 304 17ms
2024/7/22 - GET /api/v1/products ::1 304 10ms
2024/7/22 - GET /api/v1/products/669dd137ea325178d6cc4a1a ::1 200 6ms
2024/7/22 - GET /api/v1/products ::1 304 19ms
2024/7/22 - GET /api/v1/products/669dd137ea325178d6cc4a1b ::1 200 8ms
2024/7/22 - GET /api/v1/products ::1 304 12ms
2024/7/23 - GET /api/v1/products ::1 200 76ms
2024/7/23 - GET /api/v1/products/669dd137ea325178d6cc4a19 ::1 304 13ms
2024/7/23 - GET /api/v1/products/669dd137ea325178d6cc4a19 ::1 304 9ms
2024/7/23 - GET /api/v1/products/669dd137ea325178d6cc4a19 ::1 200 37ms
2024/7/23 - GET /api/v1/products/669dd137ea325178d6cc4a19 ::1 304 6ms
2024/7/23 - GET /api/v1/products ::1 304 12ms
2024/7/23 - GET /api/v1/products/669dd137ea325178d6cc4a1a ::1 200 7ms
2024/7/23 - GET /api/v1/products/669dd137ea325178d6cc4a1a ::1 200 8ms
2024/7/23 - GET /api/v1/products/669dd137ea325178d6cc4a1a ::1 304 6ms
2024/7/23 - GET /api/v1/products/669dd137ea325178d6cc4a1a ::1 304 41ms
2024/7/23 - GET /api/v1/products/669dd137ea325178d6cc4a1a ::1 304 11ms
2024/7/23 - GET /api/v1/products/669dd137ea325178d6cc4a1a ::1 304 8ms
2024/7/23 - GET /api/v1/products/669dd137ea325178d6cc4a1a ::1 304 5ms
2024/7/23 - GET /api/v1/products/669dd137ea325178d6cc4a1a ::1 304 5ms
2024/7/23 - GET /api/v1/products/669dd137ea325178d6cc4a1a ::1 304 5ms
2024/7/23 - GET /api/v1/products/669dd137ea325178d6cc4a1a ::1 304 4ms
2024/7/23 - GET /api/v1/products ::1 304 14ms
2024/7/23 - GET /api/v1/products/669dd137ea325178d6cc4a1e ::1 200 8ms
2024/7/23 - GET /api/v1/products ::1 304 10ms
2024/7/23 - GET /api/v1/products/669dd137ea325178d6cc4a19 ::1 304 7ms
2024/7/23 - GET /api/v1/products ::1 304 13ms
2024/7/23 - GET /api/v1/products/669dd137ea325178d6cc4a1a ::1 304 8ms
2024/7/23 - GET /api/v1/products/669dd137ea325178d6cc4a1a ::1 304 7ms
2024/7/23 - GET /api/v1/products ::1 304 12ms
2024/7/23 - GET /api/v1/products ::1 200 48ms
2024/7/23 - GET /api/v1/products ::1 304 11ms
2024/7/23 - GET /api/v1/products ::1 304 14ms
2024/7/23 - GET /api/v1/products/669dd137ea325178d6cc4a1b ::1 200 10ms
2024/7/23 - GET /api/v1/products ::1 304 13ms
2024/7/23 - GET /api/v1/products/669dd137ea325178d6cc4a1b ::1 304 6ms
2024/7/29 - GET /api/v1/products ::1 200 39ms
2024/7/29 - GET /favicon.ico ::1 404 2ms
2024/7/29 - GET /api/v1/products ::1 304 8ms
2024/7/29 - GET /api/v1/products ::1 304 38ms
2024/7/29 - GET /api/v1/products ::1 304 11ms
2024/7/29 - GET /api/v1/products ::1 304 16ms
2024/7/29 - GET /api/v1/products ::1 304 6ms
2024/7/29 - GET /api/v1/products ::1 200 6ms
2024/7/29 - GET /api/v1/products ::1 304 7ms
2024/7/29 - GET /api/v1/products ::1 304 9ms
2024/7/29 - GET /api/v1/products ::1 304 9ms
2024/7/29 - GET /api/v1/products ::1 304 11ms
2024/7/29 - GET /api/v1/products ::1 304 9ms
2024/7/29 - GET /api/v1/products ::1 304 9ms
2024/7/29 - GET /api/v1/products ::1 304 9ms
2024/7/29 - GET /api/v1/products ::1 304 6ms
2024/7/29 - GET /api/v1/products ::1 304 6ms
2024/7/29 - GET /api/v1/products/id ::1 500 10ms
2024/7/29 - GET /api/v1/products/:id ::1 500 3ms
2024/7/29 - GET /api/v1/products ::1 304 8ms
2024/7/29 - GET /api/v1/products66a71b35604e38f9289f191a ::1 404 2ms
2024/7/29 - GET /api/v1/products ::1 304 11ms
2024/7/29 - GET /api/v1/products66a71b35604e38f9289f1919 ::1 404 2ms
2024/7/29 - GET /api/v1/products ::1 304 9ms
2024/7/29 - GET /api/v1/products66a71b35604e38f9289f191c ::1 404 1ms
2024/7/29 - GET /api/v1/products ::1 304 7ms
2024/7/29 - GET /api/v1/products66a71b35604e38f9289f1919 ::1 404 2ms
2024/7/29 - GET /api/v1/products66a71b35604e38f9289f1919 ::1 404 1ms
2024/7/29 - GET /api/v1/products ::1 304 7ms
2024/7/29 - GET /api/v1/products66a71b35604e38f9289f191a ::1 404 5ms
2024/7/29 - GET /api/v1/products ::1 304 7ms
2024/7/29 - GET /api/v1/products66a71b35604e38f9289f191d ::1 404 2ms
2024/7/29 - GET /api/v1/products ::1 304 6ms
2024/7/29 - GET /api/v1/products66a71b35604e38f9289f1919 ::1 404 2ms
2024/7/29 - GET /api/v1/products/66a71b35604e38f9289f1919 ::1 200 12ms
2024/7/29 - GET /api/v1/products/66a71b35604e38f9289f1919 ::1 304 6ms
2024/7/29 - GET /api/v1/products/66a71b35604e38f9289f1919 ::1 304 4ms
2024/7/29 - GET /api/v1/products ::1 304 8ms
2024/7/29 - GET /api/v1/products/66a71b35604e38f9289f191d ::1 200 7ms
2024/7/29 - GET /api/v1/products ::1 304 8ms
2024/7/29 - GET /api/v1/products ::1 304 47ms
2024/7/29 - GET /api/v1/products/66a71b35604e38f9289f1919 ::1 304 13ms
2024/7/29 - GET /api/v1/products/66a71b35604e38f9289f1919 ::1 304 4ms
2024/7/29 - GET /api/v1/products/66a71b35604e38f9289f1919 ::1 304 4ms
2024/7/29 - GET /api/v1/products/66a71b35604e38f9289f1919 ::1 304 6ms
2024/7/29 - GET /api/v1/products/66a71b35604e38f9289f1919 ::1 304 3ms
2024/7/29 - GET /api/v1/products/66a71b35604e38f9289f1919 ::1 304 6ms
2024/7/29 - GET /api/v1/products/66a71b35604e38f9289f1919 ::1 304 7ms
2024/7/29 - GET /api/v1/products/66a71b35604e38f9289f1919 ::1 304 7ms
2024/7/29 - GET /api/v1/products/66a71b35604e38f9289f1919 ::1 304 4ms
2024/7/29 - GET /api/v1/products/66a71b35604e38f9289f1919 ::1 304 8ms
2024/7/29 - GET /api/v1/products ::1 304 4ms
2024/7/29 - GET /api/v1/products/66a71b35604e38f9289f191d ::1 304 4ms
2024/7/29 - GET /api/v1/products ::1 304 9ms
2024/7/29 - GET /api/v1/products ::1 304 40ms
2024/7/29 - GET /api/v1/products ::1 304 13ms
2024/7/29 - GET /api/v1/products ::1 200 45ms
2024/7/29 - GET /api/v1/products ::1 200 42ms
2024/7/29 - GET /api/v1/products/66a71b35604e38f9289f191a ::1 200 13ms
2024/7/29 - GET /api/v1/products ::1 304 11ms
2024/7/29 - GET /api/v1/products/66a71b35604e38f9289f191e ::1 200 6ms
2024/7/29 - GET /api/v1/products ::1 304 9ms
2024/7/29 - GET /api/v1/products/66a71b35604e38f9289f191c ::1 200 5ms
2024/7/29 - GET /api/v1/products/66a71b35604e38f9289f191c ::1 304 7ms
2024/7/29 - GET /api/v1/products/66a71b35604e38f9289f191c ::1 304 9ms
2024/7/29 - GET /api/v1/products/66a71b35604e38f9289f191c ::1 304 11ms
2024/7/29 - GET /api/v1/products/66a71b35604e38f9289f191c ::1 304 6ms
2024/7/29 - GET /api/v1/products/66a71b35604e38f9289f191c ::1 304 12ms
2024/7/29 - GET /api/v1/products/66a71b35604e38f9289f191c ::1 304 4ms
2024/7/29 - GET /api/v1/products/66a71b35604e38f9289f191c ::1 304 7ms
2024/7/29 - GET /api/v1/products/66a71b35604e38f9289f191c ::1 304 8ms
2024/7/29 - GET /api/v1/products ::1 304 12ms
2024/7/29 - GET /api/v1/products/66a71b35604e38f9289f191d ::1 304 5ms
2024/7/29 - GET /api/v1/products ::1 304 7ms
2024/7/29 - GET /api/v1/products/66a71b35604e38f9289f1919 ::1 304 5ms
2024/7/29 - GET /api/v1/products/66a71b35604e38f9289f1919 ::1 304 3ms
2024/7/29 - GET /api/v1/products/66a71b35604e38f9289f1919 ::1 304 4ms
2024/7/29 - GET /api/v1/products/66a71b35604e38f9289f1919 ::1 304 8ms
2024/7/29 - GET /api/v1/products ::1 304 6ms
2024/7/29 - GET /api/v1/products/66a71b35604e38f9289f191b ::1 200 3ms
2024/7/29 - GET /api/v1/products/66a71b35604e38f9289f191b ::1 304 5ms
2024/7/29 - GET /api/v1/products/66a71b35604e38f9289f191b ::1 304 3ms
2024/7/29 - GET /api/v1/products/66a71b35604e38f9289f191b ::1 304 8ms
2024/7/29 - GET /api/v1/products/66a71b35604e38f9289f191b ::1 304 2ms
2024/7/29 - GET /api/v1/products/66a71b35604e38f9289f191b ::1 304 4ms
2024/7/29 - GET /api/v1/products/66a71b35604e38f9289f191b ::1 304 42ms
2024/7/29 - GET /api/v1/products ::1 304 27ms
2024/7/29 - GET /api/v1/products/66a71b35604e38f9289f191a ::1 304 13ms
2024/7/29 - GET /api/v1/products/66a71b35604e38f9289f191a ::1 200 63ms
2024/7/29 - GET /api/v1/products/66a71b35604e38f9289f191a ::1 200 52ms
2024/7/29 - GET /api/v1/products/66a71b35604e38f9289f191a ::1 304 14ms
2024/7/29 - GET /api/v1/products/66a71b35604e38f9289f191a ::1 304 11ms
2024/7/29 - GET /api/v1/products/66a71b35604e38f9289f191a ::1 304 4ms
2024/7/29 - GET /api/v1/products/66a71b35604e38f9289f191a ::1 304 9ms
2024/7/29 - GET /api/v1/products/66a71b35604e38f9289f191a ::1 200 41ms
2024/7/29 - GET /api/v1/products/66a71b35604e38f9289f191a ::1 304 61ms
2024/7/29 - GET /api/v1/products ::1 304 17ms
2024/7/29 - GET /api/v1/products/66a71b35604e38f9289f191d ::1 304 14ms
2024/7/29 - GET /api/v1/products/66a71b35604e38f9289f191d ::1 304 10ms
2024/7/29 - GET /api/v1/products ::1 304 12ms
2024/7/29 - GET /api/v1/products/66a71b35604e38f9289f191d ::1 304 7ms
2024/7/29 - GET /api/v1/products ::1 304 9ms
2024/7/29 - GET /api/v1/products/66a71b35604e38f9289f191e ::1 304 8ms
2024/7/29 - GET /api/v1/products ::1 304 11ms
2024/7/29 - GET /api/v1/products/66a71b35604e38f9289f191c ::1 304 12ms
2024/7/29 - GET /api/v1/products ::1 304 10ms
2024/7/29 - GET /api/v1/products/66a71b35604e38f9289f191b ::1 200 9ms
2024/7/29 - GET /api/v1/products ::1 304 7ms
2024/7/29 - GET /api/v1/products ::1 304 13ms
2024/7/29 - GET /api/v1/products/66a71b35604e38f9289f1919 ::1 304 4ms
2024/7/29 - GET /api/v1/products/66a71b35604e38f9289f1919 ::1 304 4ms
2024/7/29 - GET /api/v1/products ::1 200 62ms
2024/7/29 - GET /favicon.ico ::1 404 2ms
2024/7/29 - GET /api/v1/products ::1 200 60ms
2024/7/29 - GET /api/v1/products ::1 304 16ms
2024/7/29 - GET /api/v1/products ::1 304 7ms
2024/7/29 - GET /api/v1/products ::1 304 9ms
2024/7/29 - GET /api/v1/products66a786a3e3c2d2809cd7fa24 ::1 404 2ms
2024/7/29 - GET /api/v1/products66a786a3e3c2d2809cd7fa24 ::1 404 1ms
2024/7/29 - GET /api/v1/product66a786a3e3c2d2809cd7fa24 ::1 404 2ms
2024/7/29 - GET /api/v1/product66a786a3e3c2d2809cd7fa24 ::1 404 3ms
2024/7/29 - GET /api/v1/products ::1 304 9ms
2024/7/29 - GET /api/v1/product66a786a3e3c2d2809cd7fa24 ::1 404 2ms
2024/7/29 - GET /api/v1/product66a786a3e3c2d2809cd7fa24 ::1 404 2ms
2024/7/29 - GET /api/v1/products66a786a3e3c2d2809cd7fa24 ::1 404 2ms
2024/7/29 - GET /api/v1/products66a786a3e3c2d2809cd7fa24 ::1 404 3ms
2024/7/29 - GET /api/v1/products66a786a3e3c2d2809cd7fa24 ::1 404 2ms
2024/7/29 - GET /api/v1/products66a786a3e3c2d2809cd7fa24 ::1 404 2ms
2024/7/29 - GET /api/v1/products66a786a3e3c2d2809cd7fa24 ::1 404 1ms
2024/7/29 - GET /api/v1/products66a786a3e3c2d2809cd7fa24 ::1 404 1ms
2024/7/29 - GET /api/v1/products/66a786a3e3c2d2809cd7fa24 ::1 200 9ms
2024/7/29 - GET /api/v1/products/66a786a3e3c2d2809cd7fa24 ::1 304 8ms
2024/7/29 - GET /api/v1/products/66a786a3e3c2d2809cd7fa24 ::1 304 7ms
2024/7/29 - GET /api/v1/products ::1 304 8ms
2024/7/29 - GET /api/v1/products ::1 304 8ms
2024/7/29 - GET /api/v1/products ::1 304 7ms
2024/7/29 - GET /api/v1/products ::1 304 7ms
2024/7/29 - GET /api/v1/products/66a786a3e3c2d2809cd7fa25 ::1 200 7ms
2024/7/29 - GET /api/v1/products ::1 304 7ms
2024/7/29 - GET /api/v1/products/66a786a3e3c2d2809cd7fa26 ::1 200 6ms
2024/7/29 - GET /api/v1/products ::1 304 9ms
2024/7/29 - GET /api/v1/products/66a786a3e3c2d2809cd7fa27 ::1 200 4ms
2024/7/29 - GET /api/v1/products/66a786a3e3c2d2809cd7fa27 ::1 304 39ms
2024/7/29 - GET /api/v1/products/66a786a3e3c2d2809cd7fa27 ::1 304 12ms
2024/7/29 - GET /api/v1/products ::1 304 5ms
2024/7/29 - GET /api/v1/products ::1 304 14ms
2024/7/29 - GET /api/v1/products/66a786a3e3c2d2809cd7fa25 ::1 304 5ms
2024/7/29 - GET /api/v1/products/66a786a3e3c2d2809cd7fa25 ::1 304 5ms
2024/7/29 - GET /api/v1/products/66a786a3e3c2d2809cd7fa25 ::1 304 4ms
2024/7/29 - GET /api/v1/products/66a786a3e3c2d2809cd7fa25 ::1 304 3ms
2024/7/29 - GET /api/v1/products/66a786a3e3c2d2809cd7fa25 ::1 304 9ms
2024/7/29 - GET /api/v1/products/66a786a3e3c2d2809cd7fa25 ::1 304 8ms
2024/7/29 - GET /api/v1/products/66a786a3e3c2d2809cd7fa25 ::1 304 3ms
2024/7/29 - GET /api/v1/products/66a786a3e3c2d2809cd7fa25 ::1 304 9ms
2024/7/29 - GET /api/v1/products/66a786a3e3c2d2809cd7fa25 ::1 304 3ms
2024/7/29 - GET /api/v1/products/66a786a3e3c2d2809cd7fa25 ::1 304 6ms
2024/7/29 - GET /api/v1/products/66a786a3e3c2d2809cd7fa25 ::1 304 4ms
2024/7/29 - GET /api/v1/products/66a786a3e3c2d2809cd7fa25 ::1 304 5ms
2024/7/29 - GET /api/v1/products/66a786a3e3c2d2809cd7fa25 ::1 304 5ms
2024/7/29 - GET /api/v1/products/66a786a3e3c2d2809cd7fa25 ::1 304 5ms
2024/7/29 - GET /api/v1/products/66a786a3e3c2d2809cd7fa25 ::1 304 5ms
2024/7/29 - GET /api/v1/products/66a786a3e3c2d2809cd7fa25 ::1 304 3ms
2024/7/29 - GET /api/v1/products/66a786a3e3c2d2809cd7fa25 ::1 304 6ms
2024/7/29 - GET /api/v1/products/66a786a3e3c2d2809cd7fa25 ::1 304 3ms
2024/7/29 - GET /api/v1/products/66a786a3e3c2d2809cd7fa25 ::1 304 8ms
2024/7/29 - GET /api/v1/products/66a786a3e3c2d2809cd7fa25 ::1 304 3ms
2024/7/29 - GET /api/v1/products/66a786a3e3c2d2809cd7fa25 ::1 304 4ms
2024/7/29 - GET /api/v1/products/66a786a3e3c2d2809cd7fa25 ::1 304 7ms
2024/7/29 - GET /api/v1/products ::1 304 8ms
2024/7/29 - GET /api/v1/products/66a786a3e3c2d2809cd7fa28 ::1 200 7ms
2024/7/29 - GET /api/v1/products ::1 304 9ms
2024/7/29 - GET /api/v1/products ::1 304 10ms
2024/7/29 - GET /api/v1/products/66a786a3e3c2d2809cd7fa24 ::1 304 7ms
2024/7/29 - GET /api/v1/products ::1 304 6ms
2024/7/29 - GET /api/v1/products/66a786a3e3c2d2809cd7fa25 ::1 304 6ms
2024/7/29 - GET /api/v1/products ::1 304 6ms
2024/7/29 - GET /api/v1/products/66a786a3e3c2d2809cd7fa25 ::1 304 7ms
2024/7/29 - GET /api/v1/products/66a786a3e3c2d2809cd7fa25 ::1 304 39ms
2024/7/29 - GET /api/v1/products/66a786a3e3c2d2809cd7fa25 ::1 200 46ms
2024/7/29 - GET /api/v1/products ::1 304 9ms
2024/7/29 - GET /api/v1/products/66a786a3e3c2d2809cd7fa27 ::1 304 8ms
2024/7/29 - GET /api/v1/products/66a786a3e3c2d2809cd7fa27 ::1 304 10ms
2024/7/30 - GET /api/v1/products ::1 200 44ms
2024/7/30 - GET /api/v1/products/66a786a3e3c2d2809cd7fa24 ::1 304 13ms
2024/7/30 - GET /api/v1/products/66a786a3e3c2d2809cd7fa24 ::1 304 13ms
2024/7/30 - GET /api/v1/products/66a786a3e3c2d2809cd7fa24 ::1 304 7ms
2024/7/30 - GET /api/v1/products/66a786a3e3c2d2809cd7fa24 ::1 304 10ms
2024/7/30 - GET /api/v1/products/66a786a3e3c2d2809cd7fa24 ::1 304 7ms
2024/7/30 - GET /api/v1/products/66a786a3e3c2d2809cd7fa24 ::1 304 7ms
2024/7/30 - GET /api/v1/products/66a786a3e3c2d2809cd7fa24 ::1 304 5ms
2024/7/30 - GET /api/v1/products/66a786a3e3c2d2809cd7fa24 ::1 304 6ms
2024/7/30 - GET /api/v1/products ::1 304 10ms
2024/7/30 - GET /api/v1/products/66a786a3e3c2d2809cd7fa25 ::1 304 8ms
2024/7/30 - GET /api/v1/products ::1 304 12ms
2024/7/30 - GET /api/v1/products/66a786a3e3c2d2809cd7fa24 ::1 304 9ms
2024/7/30 - GET /api/v1/products ::1 304 10ms
2024/7/30 - GET /api/v1/products/66a786a3e3c2d2809cd7fa25 ::1 304 9ms
2024/7/30 - GET /api/v1/products ::1 304 7ms
2024/7/30 - GET /api/v1/products/66a786a3e3c2d2809cd7fa27 ::1 304 9ms
2024/7/30 - GET /api/v1/products/66a786a3e3c2d2809cd7fa25 ::1 304 8ms
2024/7/30 - GET /api/v1/products ::1 304 11ms
2024/7/30 - GET /api/v1/products ::1 304 10ms
2024/7/30 - GET /api/v1/products/66a786a3e3c2d2809cd7fa25 ::1 304 10ms
2024/7/30 - GET /api/v1/products/66a786a3e3c2d2809cd7fa25 ::1 304 8ms
2024/7/30 - GET /api/v1/products/66a786a3e3c2d2809cd7fa25 ::1 304 6ms
2024/7/30 - GET /api/v1/products/66a786a3e3c2d2809cd7fa25 ::1 304 4ms
2024/7/30 - GET /api/v1/products/66a786a3e3c2d2809cd7fa25 ::1 304 4ms
2024/7/30 - GET /api/v1/products/66a786a3e3c2d2809cd7fa25 ::1 304 6ms
2024/7/30 - GET /api/v1/products/66a786a3e3c2d2809cd7fa25 ::1 304 4ms
2024/7/30 - GET /api/v1/products ::1 304 12ms
2024/7/30 - GET /api/v1/products/66a786a3e3c2d2809cd7fa28 ::1 200 6ms
2024/7/30 - GET /api/v1/products ::1 304 59ms
2024/7/30 - GET /api/v1/products/66a786a3e3c2d2809cd7fa24 ::1 304 12ms
2024/7/30 - GET /api/v1/products ::1 304 10ms
2024/7/30 - GET /api/v1/products/66a786a3e3c2d2809cd7fa25 ::1 304 4ms
2024/7/30 - GET /api/v1/products ::1 304 7ms
2024/7/30 - GET /api/v1/products/66a786a3e3c2d2809cd7fa24 ::1 304 7ms
2024/7/30 - GET /api/v1/products ::1 304 8ms
2024/7/30 - GET /api/v1/products/66a786a3e3c2d2809cd7fa25 ::1 304 7ms
2024/7/30 - GET /api/v1/products ::1 304 13ms
2024/7/30 - GET /api/v1/products/66a786a3e3c2d2809cd7fa24 ::1 304 8ms
2024/7/30 - GET /api/v1/products ::1 304 10ms
2024/7/30 - GET /api/v1/products/66a786a3e3c2d2809cd7fa24 ::1 304 10ms
2024/7/30 - GET /api/v1/products ::1 304 7ms
2024/7/30 - GET /api/v1/products/66a786a3e3c2d2809cd7fa28 ::1 304 9ms
2024/7/30 - GET /api/v1/products ::1 304 5ms
2024/7/30 - GET /api/v1/products/66a786a3e3c2d2809cd7fa28 ::1 304 6ms
2024/7/30 - GET /api/v1/products ::1 304 9ms
2024/7/30 - GET /api/v1/products/66a786a3e3c2d2809cd7fa28 ::1 304 4ms
2024/7/30 - GET /api/v1/products/66a786a3e3c2d2809cd7fa28 ::1 304 7ms
2024/7/30 - GET /api/v1/products ::1 304 8ms
2024/7/30 - GET /api/v1/products/66a786a3e3c2d2809cd7fa29 ::1 200 9ms
2024/7/30 - GET /api/v1/products/66a786a3e3c2d2809cd7fa29 ::1 304 8ms
2024/7/30 - GET /api/v1/products/66a786a3e3c2d2809cd7fa29 ::1 304 6ms
2024/7/30 - GET /api/v1/products/66a786a3e3c2d2809cd7fa29 ::1 304 9ms
2024/7/30 - GET /api/v1/products/66a786a3e3c2d2809cd7fa29 ::1 304 6ms
2024/7/30 - GET /api/v1/products/66a786a3e3c2d2809cd7fa29 ::1 304 6ms
2024/7/30 - GET /api/v1/products/66a786a3e3c2d2809cd7fa29 ::1 304 12ms
2024/7/30 - GET /api/v1/products ::1 304 7ms
2024/7/30 - GET /api/v1/products/66a786a3e3c2d2809cd7fa29 ::1 304 5ms
2024/7/30 - GET /api/v1/products/66a786a3e3c2d2809cd7fa29 ::1 304 7ms
2024/7/30 - GET /api/v1/products ::1 304 8ms
2024/7/30 - GET /api/v1/products/66a786a3e3c2d2809cd7fa28 ::1 304 5ms
2024/7/30 - GET /api/v1/products ::1 304 8ms
2024/7/30 - GET /api/v1/products/66a786a3e3c2d2809cd7fa27 ::1 304 10ms
2024/7/30 - GET /api/v1/products ::1 304 8ms
2024/7/30 - GET /api/v1/products ::1 304 10ms
2024/7/30 - GET /api/v1/products/66a786a3e3c2d2809cd7fa29 ::1 304 6ms
2024/7/30 - GET /api/v1/products ::1 304 6ms
2024/7/30 - GET /api/v1/products/66a786a3e3c2d2809cd7fa24 ::1 304 6ms
2024/7/30 - GET /api/v1/products ::1 304 7ms
2024/7/30 - GET /api/v1/products/66a786a3e3c2d2809cd7fa27 ::1 304 3ms
2024/7/30 - GET /api/v1/products ::1 304 27ms
2024/7/30 - GET /api/v1/products/66a786a3e3c2d2809cd7fa24 ::1 304 9ms
2024/7/30 - GET /api/v1/products ::1 304 30ms
2024/7/30 - GET /api/v1/products/66a786a3e3c2d2809cd7fa27 ::1 304 16ms
2024/7/30 - GET /api/v1/products/66a786a3e3c2d2809cd7fa27 ::1 304 8ms
2024/7/30 - GET /api/v1/products ::1 304 6ms
2024/7/30 - GET /api/v1/products/66a786a3e3c2d2809cd7fa26 ::1 200 11ms
2024/7/30 - GET /api/v1/products ::1 304 5ms
2024/7/30 - GET /api/v1/products/66a786a3e3c2d2809cd7fa24 ::1 304 6ms
2024/7/30 - GET /api/v1/products ::1 200 51ms
2024/7/30 - GET /api/v1/products/66a786a3e3c2d2809cd7fa25 ::1 200 8ms
2024/7/30 - GET /api/v1/products/66a786a3e3c2d2809cd7fa25 ::1 304 8ms
2024/7/30 - GET /api/v1/products ::1 304 12ms
2024/7/30 - GET /api/v1/products/66a786a3e3c2d2809cd7fa25 ::1 304 10ms
2024/7/30 - GET /api/v1/products/66a786a3e3c2d2809cd7fa25 ::1 304 7ms
2024/7/31 - GET /api/v1/products ::1 304 62ms
2024/7/31 - GET /api/v1/products/66a786a3e3c2d2809cd7fa25 ::1 304 41ms
2024/7/31 - GET /api/v1/products ::1 304 9ms
2024/7/31 - GET /api/v1/products ::1 304 9ms
2024/7/31 - GET /api/v1/products/66a786a3e3c2d2809cd7fa24 ::1 304 5ms
2024/7/31 - GET /api/v1/products ::1 304 6ms
2024/7/31 - GET /api/v1/products/66a786a3e3c2d2809cd7fa24 ::1 304 6ms
2024/7/31 - GET /api/v1/products ::1 304 8ms
2024/7/31 - GET /api/v1/products/66a786a3e3c2d2809cd7fa27 ::1 200 11ms
2024/7/31 - GET /api/v1/products ::1 304 14ms
2024/7/31 - GET /api/v1/products/66a786a3e3c2d2809cd7fa27 ::1 304 9ms
2024/7/31 - GET /api/v1/products/66a786a3e3c2d2809cd7fa27 ::1 304 7ms
2024/7/31 - GET /api/v1/products ::1 304 9ms
2024/7/31 - GET /api/v1/products/66a786a3e3c2d2809cd7fa27 ::1 304 9ms
2024/7/31 - GET /api/v1/products ::1 304 7ms
2024/7/31 - GET /api/v1/products/66a786a3e3c2d2809cd7fa24 ::1 304 7ms
2024/7/31 - GET /api/v1/products ::1 304 47ms
2024/7/31 - GET /api/v1/products ::1 304 12ms
2024/7/31 - GET /api/v1/products ::1 304 12ms
2024/7/31 - GET /api/v1/products/undefined ::1 500 8ms
2024/7/31 - GET /api/v1/products/undefined ::1 500 5ms
2024/7/31 - GET /api/v1/products/66a786a3e3c2d2809cd7fa25 ::1 304 7ms
2024/7/31 - GET /api/v1/products/66a786a3e3c2d2809cd7fa25 ::1 304 7ms
2024/7/31 - GET /api/v1/products/66a786a3e3c2d2809cd7fa25 ::1 304 43ms
2024/7/31 - GET /api/v1/products/66a786a3e3c2d2809cd7fa25 ::1 304 12ms
2024/7/31 - GET /api/v1/products/66a786a3e3c2d2809cd7fa25 ::1 304 10ms
2024/7/31 - GET /api/v1/products ::1 304 15ms
2024/7/31 - POST /api/v1/users/login ::1 400 45ms
2024/7/31 - POST /api/v1/users/login ::1 400 4ms
2024/7/31 - POST /api/v1/users/login ::1 200 158ms
2024/7/31 - POST /api/v1/users/login ::1 200 115ms
2024/7/31 - POST /api/v1/users/login ::1 500 152ms
2024/7/31 - POST /api/v1/users/login ::1 200 151ms
2024/7/31 - POST /api/v1/users/login ::1 200 163ms
2024/7/31 - POST /api/v1/users/login ::1 400 18ms
2024/7/31 - POST /api/v1/users/login ::1 400 4ms
2024/7/31 - POST /api/v1/users/login ::1 400 3ms
2024/7/31 - POST /api/v1/users/login ::1 400 3ms
2024/7/31 - POST /api/v1/users/login ::1 400 5ms
2024/7/31 - POST /api/v1/users/login ::1 400 3ms
2024/7/31 - POST /api/v1/users/login ::1 400 3ms
2024/7/31 - POST /api/v1/users/login ::1 400 3ms
2024/7/31 - POST /api/v1/users/login ::1 400 17ms
2024/7/31 - GET /api/v1/products ::1 304 44ms
2024/7/31 - GET /api/v1/products/66a786a3e3c2d2809cd7fa25 ::1 304 11ms
2024/7/31 - GET /api/v1/products/66a786a3e3c2d2809cd7fa27 ::1 304 7ms
2024/7/31 - POST /api/v1/users/login ::1 400 4ms
2024/7/31 - POST /api/v1/users/login ::1 400 3ms
2024/7/31 - POST /api/v1/users/login ::1 400 5ms
2024/7/31 - POST /api/v1/users/login ::1 400 3ms
2024/7/31 - POST /api/v1/users/login ::1 400 4ms
2024/7/31 - POST /api/v1/users/login ::1 400 3ms
2024/7/31 - POST /api/v1/users/login ::1 400 4ms
2024/7/31 - POST /api/v1/users/login ::1 400 4ms
2024/7/31 - POST /api/v1/users/login ::1 400 4ms
2024/7/31 - POST /api/v1/users/login ::1 400 5ms
2024/7/31 - POST /api/v1/users/login ::1 400 5ms
2024/7/31 - POST /api/v1/users/login ::1 400 4ms
2024/7/31 - POST /api/v1/users/login ::1 400 4ms
2024/7/31 - POST /api/v1/users/login ::1 400 4ms
2024/7/31 - POST /api/v1/users/login ::1 400 2ms
2024/7/31 - POST /api/v1/users/login ::1 400 3ms
2024/7/31 - POST /api/v1/users/login ::1 400 4ms
2024/7/31 - POST /api/v1/users/login ::1 400 4ms
2024/7/31 - POST /api/v1/users/login ::1 400 3ms
2024/7/31 - POST /api/v1/users/login ::1 400 2ms
2024/7/31 - POST /api/v1/users/login ::1 400 3ms
2024/7/31 - POST /api/v1/users/login ::1 400 3ms
2024/7/31 - POST /api/v1/users/login ::1 400 3ms
2024/7/31 - POST /api/v1/users/login ::1 400 3ms
2024/7/31 - POST /api/v1/users/login ::1 400 3ms
2024/7/31 - POST /api/v1/users/login ::1 400 3ms
2024/7/31 - POST /api/v1/users/login ::1 400 3ms
2024/7/31 - POST /api/v1/users/login ::1 400 2ms
2024/7/31 - POST /api/v1/users/login ::1 400 2ms
2024/7/31 - POST /api/v1/users/login ::1 400 3ms
2024/7/31 - POST /api/v1/users/login ::1 400 3ms
2024/7/31 - POST /api/v1/users/login ::1 400 3ms
2024/7/31 - POST /api/v1/users/login ::1 400 4ms
2024/7/31 - POST /api/v1/users/login ::1 400 3ms
2024/7/31 - POST /api/v1/users/login ::1 400 5ms
2024/7/31 - POST /api/v1/users/login ::1 400 3ms
2024/7/31 - POST /api/v1/users/login ::1 400 2ms
2024/7/31 - POST /api/v1/users/login ::1 400 4ms
2024/7/31 - POST /api/v1/users/login ::1 400 2ms
2024/7/31 - POST /api/v1/users/login ::1 400 4ms
2024/7/31 - POST /api/v1/users/login ::1 400 2ms
2024/7/31 - POST /api/v1/users/login ::1 400 3ms
2024/7/31 - POST /api/v1/users/login ::1 400 3ms
2024/7/31 - POST /api/v1/users/login ::1 400 3ms
2024/7/31 - POST /api/v1/users/login ::1 400 3ms
2024/7/31 - POST /api/v1/users/login ::1 400 3ms
2024/7/31 - POST /api/v1/users/login ::1 400 2ms
2024/7/31 - POST /api/v1/users/login ::1 400 2ms
2024/7/31 - POST /api/v1/users/login ::1 400 3ms
2024/7/31 - POST /api/v1/users/login ::1 400 3ms
2024/7/31 - POST /api/v1/users/login ::1 400 2ms
2024/7/31 - POST /api/v1/users/login ::1 400 3ms
2024/7/31 - POST /api/v1/users/login ::1 400 2ms
2024/7/31 - POST /api/v1/users/login ::1 400 3ms
2024/7/31 - POST /api/v1/users/login ::1 400 3ms
2024/7/31 - POST /api/v1/users/login ::1 400 3ms
2024/7/31 - POST /api/v1/users/login ::1 400 2ms
2024/7/31 - POST /api/v1/users/login ::1 400 4ms
2024/7/31 - GET /api/v1/products/66a786a3e3c2d2809cd7fa25 ::1 304 5ms
2024/7/31 - GET /api/v1/products ::1 304 8ms
2024/7/31 - GET /api/v1/products/66a786a3e3c2d2809cd7fa24 ::1 304 3ms
2024/7/31 - GET /api/v1/products/66a786a3e3c2d2809cd7fa28 ::1 304 4ms
2024/7/31 - GET /api/v1/products/66a786a3e3c2d2809cd7fa25 ::1 304 5ms
2024/7/31 - POST /api/v1/users/login ::1 400 3ms
2024/7/31 - GET /api/v1/products ::1 304 5ms
2024/7/31 - GET /api/v1/products/66a786a3e3c2d2809cd7fa24 ::1 304 3ms
2024/8/1 - GET /api/v1/products ::1 304 64ms
2024/8/1 - GET /api/v1/products ::1 304 13ms
2024/8/1 - GET /api/v1/products/66a786a3e3c2d2809cd7fa25 ::1 304 55ms
2024/8/1 - POST /api/v1/users/login ::1 400 18ms
2024/8/1 - POST /api/v1/users/login ::1 400 6ms
2024/8/1 - POST /api/v1/users/login ::1 400 5ms
2024/8/1 - GET /api/v1/products ::1 304 6ms
2024/8/1 - POST /api/v1/users/login ::1 400 5ms
2024/8/1 - POST /api/v1/users/login ::1 400 4ms
2024/8/1 - POST /api/v1/users/login ::1 400 4ms
2024/8/1 - POST /api/v1/users/login ::1 200 183ms
2024/8/1 - POST /api/v1/users/login ::1 200 119ms
2024/8/1 - POST /api/v1/users/login ::1 200 112ms
2024/8/1 - POST /api/v1/users/login ::1 200 112ms
2024/8/1 - POST /api/v1/users/login ::1 200 114ms
2024/8/1 - POST /api/v1/users/login ::1 200 112ms
2024/8/1 - POST /api/v1/users/login ::1 200 122ms
2024/8/1 - GET /api/v1/products ::1 304 11ms
2024/8/1 - GET /api/v1/products/66a786a3e3c2d2809cd7fa24 ::1 304 7ms
2024/8/1 - POST /api/v1/users/login ::1 200 118ms
2024/8/1 - GET /api/v1/products ::1 304 11ms
2024/8/1 - POST /api/v1/users/login ::1 200 106ms
2024/8/1 - POST /api/v1/users/login ::1 200 123ms
2024/8/1 - POST /api/v1/users/login ::1 200 120ms
2024/8/1 - POST /api/v1/users/login ::1 200 131ms
2024/8/1 - GET /api/v1/products ::1 304 7ms
2024/8/1 - GET /api/v1/products/66a786a3e3c2d2809cd7fa24 ::1 304 3ms
2024/8/1 - GET /api/v1/products ::1 304 9ms
2024/8/1 - GET /api/v1/products ::1 304 8ms
2024/8/1 - GET /api/v1/products ::1 200 45ms
2024/8/1 - POST /api/v1/users/login ::1 200 123ms
2024/8/1 - GET /api/v1/products ::1 304 14ms
2024/8/1 - GET /api/v1/products/66a786a3e3c2d2809cd7fa25 ::1 304 9ms
2024/8/1 - GET /api/v1/products ::1 304 27ms
2024/8/1 - GET /api/v1/products ::1 304 11ms
2024/8/1 - POST /api/v1/users/login ::1 200 143ms
2024/8/1 - GET /api/v1/products ::1 304 10ms
2024/8/1 - GET /api/v1/products ::1 304 47ms
2024/8/1 - POST /api/v1/users/login ::1 200 125ms
2024/8/1 - POST /api/v1/users/login ::1 200 114ms
2024/8/1 - GET /api/v1/products ::1 304 8ms
2024/8/1 - POST /api/v1/users/login ::1 200 105ms
2024/8/1 - GET /api/v1/products ::1 304 14ms
2024/8/1 - POST /api/v1/users/login ::1 200 120ms
2024/8/1 - POST /api/v1/users/login ::1 200 194ms
2024/8/1 - GET /api/v1/products ::1 304 9ms
2024/8/1 - POST /api/v1/users/logout ::1 200 7ms
2024/8/1 - POST /api/v1/users/login ::1 200 112ms
2024/8/1 - GET /api/v1/products ::1 304 8ms
2024/8/1 - POST /api/v1/users/logout ::1 200 1ms
2024/8/1 - POST /api/v1/users/login ::1 200 220ms
2024/8/1 - POST /api/v1/users/login ::1 200 366ms
2024/8/1 - POST /api/v1/users/logout ::1 200 1ms
2024/8/1 - POST /api/v1/users/login ::1 200 127ms
2024/8/1 - POST /api/v1/users/logout ::1 200 1ms
2024/8/1 - POST /api/v1/users/login ::1 200 114ms
2024/8/1 - POST /api/v1/users/logout ::1 200 1ms
2024/8/1 - POST /api/v1/users/login ::1 200 112ms
2024/8/1 - GET /api/v1/products ::1 304 8ms
2024/8/1 - GET /api/v1/products ::1 304 51ms
2024/8/1 - GET /api/v1/products/66a786a3e3c2d2809cd7fa26 ::1 304 10ms
2024/8/1 - POST /api/v1/users/login ::1 200 277ms
2024/8/1 - GET /api/v1/products ::1 304 8ms
2024/8/1 - POST /api/v1/users/logout ::1 200 2ms
2024/8/1 - POST /api/v1/users/login ::1 200 178ms
2024/8/1 - GET /api/v1/products/66a786a3e3c2d2809cd7fa24 ::1 304 8ms
2024/8/1 - GET /api/v1/products ::1 304 13ms
2024/8/1 - GET /api/v1/products/66a786a3e3c2d2809cd7fa24 ::1 304 6ms
2024/8/1 - GET /api/v1/products/66a786a3e3c2d2809cd7fa27 ::1 304 7ms
2024/8/1 - GET /api/v1/product ::1 404 7ms
2024/8/1 - GET /api/v1/products ::1 200 58ms
2024/8/1 - GET /api/v1/products ::1 304 13ms
2024/8/1 - GET /api/v1/products/66a786a3e3c2d2809cd7fa25 ::1 304 16ms
2024/8/1 - GET /api/v1/products ::1 304 4ms
2024/8/1 - POST /api/v1/users/logout ::1 200 3ms
2024/8/1 - GET /api/v1/products/66a786a3e3c2d2809cd7fa25 ::1 304 6ms
2024/8/1 - POST /api/v1/users/login ::1 200 243ms
2024/8/1 - GET /api/v1/products ::1 304 8ms
2024/8/1 - GET /api/v1/products ::1 304 26ms
2024/8/1 - POST /api/v1/users/logout ::1 200 1ms
2024/8/1 - GET /api/v1/products/66a786a3e3c2d2809cd7fa25 ::1 304 9ms
2024/8/1 - POST /api/v1/users/login ::1 200 190ms
2024/8/1 - GET /api/v1/products ::1 304 9ms
2024/8/1 - POST /api/v1/users/logout ::1 200 2ms
2024/8/1 - GET /api/v1/products/66a786a3e3c2d2809cd7fa25 ::1 304 7ms
2024/8/1 - POST /api/v1/users/login ::1 200 188ms
2024/8/1 - POST /api/v1/users/logout ::1 200 1ms
2024/8/1 - GET /api/v1/products ::1 304 7ms
2024/8/1 - GET /api/v1/products ::1 304 10ms
2024/8/1 - GET /api/v1/products/66a786a3e3c2d2809cd7fa24 ::1 304 6ms
2024/8/1 - GET /api/v1/products ::1 200 42ms
2024/8/1 - GET /api/v1/products/66a786a3e3c2d2809cd7fa25 ::1 304 15ms
2024/8/1 - GET /api/v1/products ::1 304 47ms
2024/8/1 - GET /api/v1/products ::1 200 43ms
2024/8/1 - GET /api/v1/products ::1 304 43ms
2024/8/1 - GET /api/v1/products ::1 304 12ms
2024/8/1 - GET /api/v1/products ::1 304 46ms
2024/8/1 - GET /api/v1/products ::1 304 6ms
2024/8/1 - GET /api/v1/products/66a786a3e3c2d2809cd7fa25 ::1 304 11ms
2024/8/1 - GET /api/v1/products ::1 304 11ms
2024/8/1 - GET /api/v1/products/66a786a3e3c2d2809cd7fa24 ::1 304 7ms
2024/8/1 - GET /api/v1/products/66a786a3e3c2d2809cd7fa25 ::1 304 6ms
2024/8/1 - POST /api/v1/users/login ::1 200 232ms
2024/8/1 - GET /api/v1/products ::1 304 9ms
2024/8/1 - GET /api/v1/products/66a786a3e3c2d2809cd7fa28 ::1 304 7ms
2024/8/1 - GET /api/v1/products/66a786a3e3c2d2809cd7fa24 ::1 304 5ms
2024/8/1 - GET /api/v1/products ::1 304 14ms
2024/8/1 - GET /api/v1/products/66a786a3e3c2d2809cd7fa24 ::1 304 6ms
2024/8/1 - GET /api/v1/products ::1 304 6ms
2024/8/1 - GET /api/v1/products/66a786a3e3c2d2809cd7fa26 ::1 304 7ms
2024/8/1 - GET /api/v1/products/66a786a3e3c2d2809cd7fa24 ::1 304 3ms
2024/8/1 - POST /api/v1/users/logout ::1 200 2ms
2024/8/1 - GET /api/v1/products ::1 304 52ms
2024/8/1 - GET /api/v1/products ::1 200 48ms
2024/8/1 - GET /backend/api/v1/products ::1 404 15ms
2024/8/1 - GET /api/v1/products ::1 404 3ms
2024/8/1 - GET /api/v1/products ::1 404 1ms
2024/8/1 - GET /api/v1/products ::1 404 1ms
2024/8/1 - GET /api/v1/products ::1 404 1ms
2024/8/1 - GET /api/v1/products ::1 404 1ms
2024/8/1 - GET /api/v1/products ::1 404 2ms
2024/8/1 - GET /api/v1/products ::1 404 1ms
2024/8/1 - GET /api/v1/products ::1 404 1ms
2024/8/1 - GET /api/v1/products ::1 404 3ms
2024/8/1 - GET /api/v1/products ::1 404 1ms
2024/8/1 - GET /api/v1/products ::1 404 1ms
2024/8/1 - GET /api/v1/products ::1 404 2ms
2024/8/1 - GET /api/v1/products ::1 404 1ms
2024/8/1 - GET /api/v1/products ::1 404 1ms
2024/8/1 - GET /api/v1/products ::1 404 2ms
2024/8/1 - GET /api/v1/products ::1 404 1ms
2024/8/1 - GET /api/v1/products ::1 404 2ms
2024/8/1 - GET /api/v1/products ::1 404 2ms
2024/8/1 - GET /api/v1/products ::1 404 1ms
2024/8/1 - GET /api/v1/products ::1 404 1ms
2024/8/1 - GET /api/v1/products ::1 404 2ms
2024/8/1 - GET /api/v1/products ::1 404 2ms
2024/8/1 - GET /api/v1/products ::1 404 1ms
2024/8/1 - GET /api/v1/products ::1 404 1ms
2024/8/1 - GET /api/v1/products ::1 200 64ms
2024/8/1 - GET /api/v1/products ::1 200 48ms
2024/8/2 - GET /api/v1/products ::1 304 50ms
2024/8/2 - POST /api/v1/users/login ::1 200 169ms
2024/8/2 - POST /api/v1/users/logout ::1 200 2ms
2024/8/2 - POST /api/v1/users/login ::1 200 130ms
2024/8/2 - GET /api/v1/products ::1 304 14ms
2024/8/2 - GET /api/v1/products/66aba047527db3dcfce366c6 ::1 200 6ms
2024/8/2 - GET /api/v1/products ::1 304 12ms
2024/8/2 - GET /api/v1/products/66aba047527db3dcfce366c6 ::1 304 6ms
2024/8/2 - GET /api/v1/products ::1 304 5ms
2024/8/2 - GET /api/v1/products/66aba047527db3dcfce366c6 ::1 304 3ms
2024/8/2 - GET /api/v1/products ::1 304 47ms
2024/8/2 - GET /api/v1/products/66aba047527db3dcfce366c7 ::1 200 9ms
2024/8/2 - GET /api/v1/products/66aba047527db3dcfce366c7 ::1 304 6ms
2024/8/2 - GET /api/v1/products ::1 304 9ms
2024/8/2 - GET /api/v1/products/66aba047527db3dcfce366c7 ::1 304 35ms
2024/8/2 - GET /api/v1/products/66aba047527db3dcfce366c7 ::1 304 9ms
2024/8/2 - POST /api/v1/users/logout ::1 200 3ms
2024/8/2 - GET /api/v1/products ::1 304 15ms
2024/8/2 - GET /api/v1/orders ::1 404 13ms
2024/8/2 - GET /favicon.ico ::1 404 2ms
2024/8/2 - POST /api/v1/users/login ::1 200 146ms
2024/8/2 - POST /api/v1/orders/addorder ::1 500 37ms
2024/8/2 - POST /api/v1/orders/addorder ::1 500 46ms
2024/8/2 - POST /api/v1/orders/addorder ::1 500 43ms
2024/8/2 - POST /api/v1/orders/addorder ::1 500 12ms
2024/8/2 - POST /api/v1/users/login ::1 200 177ms
2024/8/2 - POST /api/v1/orders/addorder ::1 500 26ms
2024/8/2 - GET /api/v1/products ::1 304 47ms
2024/8/2 - POST /api/v1/users/logout ::1 200 3ms
2024/8/2 - POST /api/v1/orders/addorder ::1 200 41ms
2024/8/2 - POST /api/v1/users/logout ::1 200 7ms
2024/8/2 - POST /api/v1/orders/addorder ::1 401 3ms
2024/8/2 - POST /api/v1/users/login ::1 400 10ms
2024/8/2 - POST /api/v1/users/login ::1 200 136ms
2024/8/2 - POST /api/v1/orders/addorder ::1 200 24ms
2024/8/2 - POST /api/v1/orders/addorder ::1 200 56ms
2024/8/2 - POST /api/v1/orders/addorder ::1 200 16ms
2024/8/2 - GET /api/v1/orders ::1 404 8ms
2024/8/2 - GET /api/v1/orders ::1 404 6ms
2024/8/2 - GET /api/v1/orders ::1 500 30ms
2024/8/2 - POST /api/v1/users/login ::1 200 129ms
2024/8/2 - GET /api/v1/orders ::1 500 5ms
2024/8/2 - GET /api/v1/orders ::1 500 6ms
2024/8/2 - GET /api/v1/orders ::1 500 31ms
2024/8/2 - GET /api/v1/orders ::1 500 5ms
2024/8/2 - GET /api/v1/orders ::1 200 32ms
2024/8/2 - GET /api/v1/orders ::1 200 52ms
2024/8/2 - GET /api/v1/orders/66ac474ebfcf936342cf6e10 ::1 200 30ms
2024/8/2 - GET /api/v1/orders/66ac474ebfcf936342cf6e1 ::1 500 18ms
2024/8/2 - GET /api/v1/orders/66ac474ebfcf936342cf6e11 ::1 404 6ms
2024/8/2 - GET /api/v1/orders/myorders ::1 500 23ms
2024/8/2 - GET /api/v1/orders/myorders ::1 200 47ms
2024/8/2 - POST /api/v1/users/login ::1 200 152ms
2024/8/2 - GET /api/v1/orders/myorders ::1 200 16ms
2024/8/2 - GET /api/v1/orders/myorders ::1 200 32ms
2024/8/2 - GET /api/v1/orders/myorder ::1 500 9ms
2024/8/2 - GET /api/v1/orders/myorders ::1 200 32ms
2024/8/2 - POST /api/v1/users/logout ::1 200 1ms
2024/8/2 - GET /api/v1/users ::1 401 3ms
2024/8/2 - POST /api/v1/users/login ::1 200 142ms
2024/8/2 - GET /api/v1/users ::1 200 10ms
2024/8/2 - POST /api/v1/users/login ::1 200 107ms
2024/8/2 - GET /api/v1/orders/myorders ::1 403 4ms
2024/8/2 - GET /api/v1/orders/myorders ::1 200 28ms
2024/8/2 - POST /api/v1/orders/addorder ::1 200 33ms
2024/8/2 - GET /api/v1/orders/myorders ::1 200 18ms
2024/8/2 - POST /api/v1/users/login ::1 200 135ms
2024/8/2 - GET /api/v1/orders/myorders ::1 200 13ms
2024/8/2 - POST /api/v1/users/login ::1 200 149ms
2024/8/2 - GET /api/v1/products ::1 304 18ms
2024/8/2 - GET /api/v1/products/66aba047527db3dcfce366c7 ::1 304 6ms
2024/8/2 - GET /api/v1/products/66a786a3e3c2d2809cd7fa24 ::1 404 6ms
2024/8/2 - GET /api/v1/products/66a786a3e3c2d2809cd7fa24 ::1 404 9ms
2024/8/2 - GET /api/v1/products ::1 304 10ms
2024/8/2 - GET /api/v1/products/66aba047527db3dcfce366c7 ::1 304 7ms
2024/8/2 - GET /api/v1/products ::1 304 7ms
2024/8/2 - GET /api/v1/products/66aba047527db3dcfce366c7 ::1 304 5ms
2024/8/2 - GET /api/v1/products/66aba047527db3dcfce366ca ::1 200 6ms
2024/8/2 - GET /api/v1/products/66aba047527db3dcfce366c9 ::1 200 9ms
2024/8/2 - POST /api/v1/users/logout ::1 200 1ms
2024/8/2 - POST /api/v1/users/login ::1 200 104ms
2024/8/2 - GET /api/v1/products/66aba047527db3dcfce366c7 ::1 304 6ms
2024/8/2 - GET /api/v1/products/66aba047527db3dcfce366c9 ::1 304 6ms
2024/8/2 - GET /api/v1/products/66aba047527db3dcfce366ca ::1 304 4ms
2024/8/2 - POST /api/v1/users/logout ::1 200 1ms
2024/8/2 - POST /api/v1/users/login ::1 200 111ms
2024/8/2 - GET /api/v1/products/66aba047527db3dcfce366c7 ::1 304 6ms
2024/8/2 - GET /api/v1/products/66aba047527db3dcfce366c9 ::1 304 9ms
2024/8/2 - GET /api/v1/products ::1 304 9ms
2024/8/2 - GET /api/v1/products/66aba047527db3dcfce366c7 ::1 304 4ms
2024/8/2 - GET /api/v1/products ::1 304 5ms
2024/8/2 - POST /api/v1/users/logout ::1 200 1ms
2024/8/2 - POST /api/v1/users/login ::1 200 101ms
2024/8/2 - GET /api/v1/products ::1 304 7ms
2024/8/2 - GET /api/v1/products/66aba047527db3dcfce366c9 ::1 304 3ms
2024/8/2 - POST /api/v1/users/logout ::1 200 1ms
2024/8/2 - GET /api/v1/products/66aba047527db3dcfce366c6 ::1 304 4ms
2024/8/2 - POST /api/v1/users/login ::1 400 100ms
2024/8/2 - POST /api/v1/users/login ::1 200 102ms
2024/8/2 - POST /api/v1/users/logout ::1 200 0ms
2024/8/2 - POST /api/v1/users/login ::1 400 100ms
2024/8/2 - POST /api/v1/users/login ::1 200 103ms
2024/8/2 - GET /api/v1/products ::1 304 7ms
2024/8/2 - GET /api/v1/products/66aba047527db3dcfce366c7 ::1 304 3ms
2024/8/2 - GET /api/v1/products/66aba047527db3dcfce366c6 ::1 304 5ms
2024/8/2 - POST /api/v1/users/logout ::1 200 2ms
2024/8/2 - GET /api/v1/products ::1 304 4ms
2024/8/2 - GET /api/v1/products ::1 304 5ms
2024/8/2 - GET /api/v1/products ::1 304 13ms
2024/8/2 - GET /api/v1/products/66aba047527db3dcfce366c7 ::1 304 3ms
2024/8/2 - POST /api/v1/users/login ::1 200 136ms
2024/8/2 - POST /api/v1/orders/addorder ::1 200 53ms
2024/8/2 - GET /api/v1/products ::1 304 19ms
2024/8/2 - GET /api/v1/products/66aba047527db3dcfce366c7 ::1 304 6ms
2024/8/2 - GET /api/v1/products/66aba047527db3dcfce366c6 ::1 304 6ms
2024/8/2 - POST /api/v1/orders/addorder ::1 200 26ms
2024/8/2 - POST /api/v1/orders/addorder ::1 200 17ms
2024/8/3 - GET /api/v1/products ::1 304 40ms
2024/8/3 - POST /api/v1/users/logout ::1 200 4ms
2024/8/3 - GET /api/v1/products ::1 304 12ms
2024/8/3 - GET /api/v1/products/66aba047527db3dcfce366c6 ::1 304 8ms
2024/8/3 - GET /api/v1/products/66aba047527db3dcfce366c7 ::1 304 5ms
2024/8/3 - POST /api/v1/users/login ::1 200 136ms
2024/8/3 - POST /api/v1/orders/addorder ::1 500 25ms
2024/8/3 - POST /api/v1/orders/addorder ::1 500 15ms
2024/8/3 - POST /api/v1/orders/addorder ::1 500 10ms
2024/8/3 - POST /api/v1/orders/addorder ::1 500 12ms
2024/8/3 - POST /api/v1/orders/addorder ::1 500 13ms
2024/8/3 - POST /api/v1/orders/addorder ::1 500 12ms
2024/8/3 - POST /api/v1/orders/addorder ::1 500 10ms
2024/8/3 - POST /api/v1/orders/addorder ::1 500 9ms
2024/8/3 - POST /api/v1/orders/addorder ::1 500 9ms
2024/8/3 - POST /api/v1/orders/addorder ::1 500 11ms
2024/8/3 - POST /api/v1/orders/addorder ::1 500 9ms
2024/8/3 - POST /api/v1/orders/addorder ::1 500 7ms
2024/8/3 - POST /api/v1/orders/addorder ::1 500 7ms
2024/8/3 - POST /api/v1/orders/addorder ::1 500 9ms
2024/8/3 - GET /api/v1/products/66aba047527db3dcfce366c6 ::1 304 9ms
2024/8/3 - POST /api/v1/orders/addorder ::1 500 6ms
2024/8/3 - POST /api/v1/orders/addorder ::1 200 27ms
2024/8/3 - POST /api/v1/orders/addorder ::1 200 20ms
2024/8/3 - POST /api/v1/orders/addorder ::1 200 12ms
2024/8/3 - POST /api/v1/orders/addorder ::1 200 62ms
2024/8/3 - POST /api/v1/orders/addorder ::1 200 23ms
2024/8/3 - POST /api/v1/orders/addorder ::1 200 21ms
2024/8/3 - GET /api/v1/orders/66ad9609a1db52315d206c6c ::1 200 51ms
2024/8/3 - GET /api/v1/orders/66ad9609a1db52315d206c6c ::1 304 26ms
2024/8/3 - GET /api/v1/orders/66ad9609a1db52315d206c6c ::1 304 32ms
2024/8/3 - POST /api/v1/orders/addorder ::1 200 12ms
2024/8/3 - GET /api/v1/orders/66ad971aa1db52315d206c80 ::1 200 14ms
2024/8/3 - GET /api/v1/orders/66ad971aa1db52315d206c80 ::1 304 38ms
2024/8/3 - GET /api/v1/orders/66ad971aa1db52315d206c80 ::1 304 114ms
2024/8/3 - GET /api/v1/orders/66ad971aa1db52315d206c80 ::1 304 26ms
2024/8/3 - GET /api/v1/products ::1 304 17ms
2024/8/3 - GET /api/v1/products/66aba047527db3dcfce366c6 ::1 304 3ms
2024/8/3 - GET /api/v1/products ::1 304 4ms
2024/8/3 - GET /api/v1/products/66aba047527db3dcfce366c6 ::1 304 4ms
2024/8/3 - POST /api/v1/users/login ::1 200 135ms
2024/8/3 - POST /api/v1/orders/addorder ::1 200 11ms
2024/8/3 - GET /api/v1/orders/66ad9a64a1db52315d206c9e ::1 200 29ms
2024/8/3 - GET /api/v1/orders/66ad9a64a1db52315d206c9e ::1 304 30ms
2024/8/3 - GET /api/v1/orders/66ad9a64a1db52315d206c9e ::1 304 25ms
2024/8/3 - GET /api/v1/orders/66ad9a64a1db52315d206c9e ::1 200 79ms
2024/8/3 - GET /api/v1/orders/66ad9a64a1db52315d206c9e ::1 304 92ms
2024/8/3 - GET /api/v1/orders/66ad9a64a1db52315d206c9e ::1 304 73ms
2024/8/3 - GET /api/v1/orders/66ad9a64a1db52315d206c9e ::1 304 58ms
2024/8/3 - GET /api/v1/orders/66ad9a64a1db52315d206c9e ::1 304 38ms
2024/8/3 - GET /api/v1/orders/66ad9a64a1db52315d206c9e ::1 304 30ms
2024/8/3 - GET /api/v1/orders/66ad9a64a1db52315d206c9e ::1 304 74ms
2024/8/3 - GET /api/v1/orders/66ad9a64a1db52315d206c9e ::1 304 30ms
2024/8/3 - GET /api/v1/orders/66ad9a64a1db52315d206c9e ::1 304 22ms
2024/8/3 - GET /api/v1/orders/66ad9a64a1db52315d206c9e ::1 304 17ms
2024/8/3 - GET /api/v1/orders/66ad9a64a1db52315d206c9e ::1 200 67ms
2024/8/3 - GET /api/v1/orders/66ad9a64a1db52315d206c9e ::1 304 67ms
2024/8/3 - GET /api/v1/orders/66ad9a64a1db52315d206c9e ::1 304 74ms
2024/8/3 - GET /api/v1/orders/66ad9a64a1db52315d206c9e ::1 304 77ms
2024/8/3 - GET /api/v1/orders/66ad9a64a1db52315d206c9e ::1 304 71ms
2024/8/3 - GET /api/v1/products/66ad9a64a1db52315d206c9f ::1 404 11ms
2024/8/3 - GET /api/v1/products/66ad9a64a1db52315d206c9f ::1 404 14ms
2024/8/3 - GET /api/v1/products ::1 304 11ms
2024/8/3 - GET /api/v1/products/66aba047527db3dcfce366c6 ::1 304 5ms
2024/8/3 - GET /api/v1/products/66ad9a64a1db52315d206c9f ::1 404 6ms
2024/8/3 - POST /api/v1/orders/addorder ::1 200 28ms
2024/8/3 - GET /api/v1/orders/66ada93420278c1cc496356a ::1 200 14ms
2024/8/3 - GET /api/v1/products/66ada93420278c1cc496356b ::1 404 6ms
2024/8/3 - GET /api/v1/products ::1 304 9ms
2024/8/3 - GET /api/v1/orders/66ad9a64a1db52315d206c9e ::1 304 21ms
2024/8/3 - GET /api/v1/products/66ad9a64a1db52315d206c9f ::1 404 5ms
2024/8/3 - GET /api/v1/products ::1 304 8ms
2024/8/3 - GET /api/v1/products/66aba047527db3dcfce366c6 ::1 304 6ms
2024/8/3 - GET /api/v1/orders/66ad9a64a1db52315d206c9e ::1 304 31ms
2024/8/3 - GET /api/v1/orders/66ad9a64a1db52315d206c9e ::1 304 24ms
2024/8/3 - GET /api/v1/orders/66ad9a64a1db52315d206c9e ::1 304 36ms
2024/8/3 - GET /api/v1/products ::1 304 17ms
2024/8/3 - GET /api/v1/products/66aba047527db3dcfce366c7 ::1 304 3ms
2024/8/3 - POST /api/v1/orders/addorder ::1 200 13ms
2024/8/3 - GET /api/v1/orders/66adaa3520278c1cc4963589 ::1 200 17ms
2024/8/3 - GET /api/v1/orders/66adaa3520278c1cc4963589 ::1 304 29ms
2024/8/3 - GET /api/v1/products/66adaa3520278c1cc496358a ::1 404 3ms
2024/8/3 - GET /api/v1/products/66adaa3520278c1cc496358a ::1 404 3ms
2024/8/3 - GET /api/v1/orders/66adaa3520278c1cc4963589 ::1 304 15ms
2024/8/3 - GET /api/v1/orders/66adaa3520278c1cc4963589 ::1 304 36ms
2024/8/3 - GET /api/v1/orders/66adaa3520278c1cc4963589 ::1 304 22ms
2024/8/3 - GET /api/v1/orders/66adaa3520278c1cc4963589 ::1 304 39ms
2024/8/3 - GET /api/v1/products/66adaa3520278c1cc496358a ::1 404 4ms
2024/8/3 - GET /api/v1/orders/66adaa3520278c1cc4963589 ::1 304 33ms
2024/8/3 - GET /api/v1/products/66adaa3520278c1cc496358b ::1 404 3ms
2024/8/3 - GET /api/v1/orders/66adaa3520278c1cc4963589 ::1 304 20ms
2024/8/3 - GET /api/v1/products/66aba047527db3dcfce366c7 ::1 304 3ms
2024/8/3 - POST /api/v1/orders/addorder ::1 200 13ms
2024/8/3 - GET /api/v1/orders/66adab1e20278c1cc49635bb ::1 200 12ms
2024/8/3 - GET /api/v1/products/66aba047527db3dcfce366c6 ::1 304 2ms
2024/8/3 - POST /api/v1/orders/addorder ::1 200 11ms
2024/8/3 - GET /api/v1/orders/66adab3220278c1cc49635c6 ::1 200 12ms
2024/8/3 - GET /api/v1/orders/66adab3220278c1cc49635c6 ::1 304 52ms
2024/8/3 - GET /api/v1/products ::1 304 8ms
2024/8/3 - GET /api/v1/products ::1 304 8ms
2024/8/3 - GET /api/v1/products/66aba047527db3dcfce366c7 ::1 304 3ms
2024/8/3 - GET /api/v1/products/66aba047527db3dcfce366c6 ::1 304 3ms
2024/8/3 - POST /api/v1/orders/addorder ::1 200 11ms
2024/8/3 - GET /api/v1/orders/66adb23a20278c1cc49635d9 ::1 200 8ms
2024/8/3 - GET /api/v1/products/66aba047527db3dcfce366c9 ::1 304 4ms
2024/8/3 - POST /api/v1/users/logout ::1 200 2ms
2024/8/3 - POST /api/v1/users/login ::1 400 4ms
2024/8/3 - POST /api/v1/users/login ::1 200 124ms
2024/8/3 - GET /api/v1/products ::1 304 6ms
2024/8/3 - PUT /api/v1/users/profile ::1 200 87ms
2024/8/3 - PUT /api/v1/users/profile ::1 200 17ms
2024/8/3 - PUT /api/v1/users/profile ::1 200 17ms
2024/8/3 - PUT /api/v1/users/profile ::1 200 15ms
2024/8/3 - PUT /api/v1/users/profile ::1 200 13ms
2024/8/3 - GET /api/v1/products ::1 304 16ms
2024/8/3 - GET /api/v1/products ::1 304 12ms
2024/8/3 - POST /api/v1/users/login ::1 200 237ms
2024/8/3 - PUT /api/v1/users/profile ::1 200 11ms
2024/8/3 - PUT /api/v1/users/profile ::1 200 41ms
2024/8/3 - PUT /api/v1/users/profile ::1 200 74ms
2024/8/3 - PUT /api/v1/users/profile ::1 200 70ms
2024/8/3 - PUT /api/v1/users/profile ::1 200 17ms
2024/8/3 - PUT /api/v1/users/profile ::1 200 16ms
2024/8/3 - PUT /api/v1/users/profile ::1 200 1056ms
2024/8/3 - POST /api/v1/users/logout ::1 200 3ms
2024/8/3 - POST /api/v1/users/login ::1 200 687ms
2024/8/3 - GET /api/v1/products ::1 304 17ms
2024/8/3 - PUT /api/v1/users/profile ::1 200 17ms
2024/8/3 - GET /api/v1/orders/myorders ::1 200 164ms
2024/8/3 - GET /api/v1/orders/myorders ::1 200 72ms
2024/8/3 - GET /api/v1/products ::1 304 13ms
2024/8/3 - GET /api/v1/products/66aba047527db3dcfce366c6 ::1 304 11ms
2024/8/3 - POST /api/v1/orders/addorder ::1 200 48ms
2024/8/3 - GET /api/v1/orders/66ae1ba76909b0d0ca238b81 ::1 200 31ms
2024/8/3 - GET /api/v1/orders/myorders ::1 200 26ms
2024/8/3 - GET /api/v1/orders/myorders ::1 304 20ms
2024/8/3 - GET /api/v1/orders/myorders ::1 304 66ms
2024/8/3 - GET /api/v1/orders/myorders ::1 304 24ms
2024/8/3 - GET /api/v1/orders/myorders ::1 304 20ms
2024/8/3 - GET /api/v1/orders/myorders ::1 304 49ms
2024/8/3 - GET /api/v1/orders/myorders ::1 304 36ms
2024/8/3 - GET /api/v1/orders/myorders ::1 304 29ms
2024/8/3 - GET /api/v1/orders/myorders ::1 304 22ms
2024/8/3 - GET /api/v1/orders/myorders ::1 304 52ms
2024/8/3 - GET /api/v1/orders/myorders ::1 304 46ms
2024/8/3 - GET /api/v1/orders/myorders ::1 304 17ms
2024/8/3 - GET /api/v1/products ::1 304 9ms
2024/8/3 - GET /api/v1/products/66aba047527db3dcfce366c7 ::1 304 3ms
2024/8/3 - POST /api/v1/orders/addorder ::1 200 18ms
2024/8/3 - GET /api/v1/orders/66ae227e6909b0d0ca238bbb ::1 200 17ms
2024/8/3 - GET /api/v1/orders/myorders ::1 200 21ms
2024/8/3 - GET /api/v1/orders/myorders ::1 304 19ms
2024/8/3 - GET /api/v1/orders/myorders ::1 304 25ms
2024/8/3 - GET /api/v1/products ::1 304 9ms
2024/8/3 - GET /api/v1/orders/66ae1ba76909b0d0ca238b81 ::1 304 27ms
2024/8/3 - GET /api/v1/orders/myorders ::1 304 15ms
2024/8/3 - GET /api/v1/orders/66ae1ba76909b0d0ca238b81 ::1 304 14ms
2024/8/3 - GET /api/v1/orders/66ae1ba76909b0d0ca238b81 ::1 304 39ms
2024/8/3 - GET /api/v1/orders/myorders ::1 304 21ms
2024/8/3 - GET /api/v1/orders/66ae227e6909b0d0ca238bbb ::1 304 14ms
2024/8/3 - GET /api/v1/orders/66ae227e6909b0d0ca238bbb ::1 304 40ms
2024/8/3 - GET /api/v1/orders/66ae227e6909b0d0ca238bbb ::1 304 28ms
2024/8/3 - POST /api/v1/orders/addorder ::1 200 14ms
2024/8/3 - GET /api/v1/orders/66ae25b16909b0d0ca238bff ::1 200 14ms
2024/8/3 - POST /api/v1/orders/addorder ::1 200 14ms
2024/8/3 - GET /api/v1/orders/66ae25b86909b0d0ca238c09 ::1 200 15ms
2024/8/3 - POST /api/v1/orders/addorder ::1 200 9ms
2024/8/3 - GET /api/v1/orders/66ae27806909b0d0ca238c13 ::1 200 14ms
2024/8/3 - GET /api/v1/orders/66ae27806909b0d0ca238c13 ::1 304 19ms
2024/8/3 - POST /api/v1/users/logout ::1 200 3ms
2024/8/3 - POST /api/v1/users/login ::1 200 788ms
2024/8/3 - GET /api/v1/products ::1 304 7ms
2024/8/3 - GET /api/v1/products/66aba047527db3dcfce366c7 ::1 304 7ms
2024/8/3 - POST /api/v1/orders/addorder ::1 200 15ms
2024/8/3 - GET /api/v1/orders/66ae27ba6909b0d0ca238c25 ::1 200 15ms
2024/8/3 - POST /api/v1/orders/addorder ::1 200 13ms
2024/8/3 - GET /api/v1/orders/66ae27fd6909b0d0ca238c2f ::1 200 17ms
2024/8/3 - GET /api/v1/orders/66ae27fd6909b0d0ca238c2f ::1 304 54ms
2024/8/3 - POST /api/v1/users/login ::1 200 742ms
2024/8/3 - GET /api/v1/products ::1 304 3ms
2024/8/3 - GET /api/v1/products/66aba047527db3dcfce366c7 ::1 304 6ms
2024/8/3 - POST /api/v1/orders/addorder ::1 500 13ms
2024/8/3 - POST /api/v1/orders/addorder ::1 500 9ms
2024/8/3 - POST /api/v1/orders/addorder ::1 500 9ms
2024/8/3 - POST /api/v1/orders/addorder ::1 500 9ms
2024/8/3 - POST /api/v1/orders/addorder ::1 500 8ms
2024/8/3 - POST /api/v1/orders/addorder ::1 200 11ms
2024/8/3 - GET /api/v1/orders/66ae28546909b0d0ca238c50 ::1 200 14ms
2024/8/3 - GET /api/v1/orders/66ae227e6909b0d0ca238bbb ::1 304 91ms
2024/8/3 - GET /api/v1/orders/66ae28546909b0d0ca238c50 ::1 304 128ms
2024/8/3 - POST /api/v1/orders/addorder ::1 200 65ms
2024/8/3 - GET /api/v1/orders/66ae294366ba307ab5372a5b ::1 200 27ms
2024/8/3 - GET /api/v1/products ::1 304 53ms
2024/8/3 - GET /api/v1/orders/66ae227e6909b0d0ca238bbb ::1 304 52ms
2024/8/3 - GET /api/v1/products/66aba047527db3dcfce366c7 ::1 304 8ms
2024/8/3 - POST /api/v1/orders/addorder ::1 200 45ms
2024/8/3 - GET /api/v1/orders/66ae29824e699c7721bc0f59 ::1 200 21ms
2024/8/3 - GET /api/v1/products/66aba047527db3dcfce366c6 ::1 304 7ms
2024/8/3 - POST /api/v1/orders/addorder ::1 500 19ms
2024/8/3 - POST /api/v1/orders/addorder ::1 200 17ms
2024/8/3 - GET /api/v1/orders/66ae29a94e699c7721bc0f66 ::1 200 19ms
2024/8/3 - GET /api/v1/orders/myorders ::1 200 36ms
2024/8/3 - GET /api/v1/orders/66ae28546909b0d0ca238c50 ::1 304 17ms
2024/8/3 - GET /api/v1/orders/66ae25b16909b0d0ca238bff ::1 304 18ms
2024/8/3 - POST /api/v1/orders/addorder ::1 200 16ms
2024/8/3 - GET /api/v1/orders/66ae29db4e699c7721bc0f8e ::1 200 17ms
2024/8/3 - POST /api/v1/orders/addorder ::1 200 12ms
2024/8/3 - GET /api/v1/orders/66ae29f04e699c7721bc0f96 ::1 200 17ms
2024/8/3 - GET /api/v1/orders/66ae227e6909b0d0ca238bbb ::1 304 20ms
